<?xml version="1.0" encoding="utf-8"?><testsuites name="pytest tests"><testsuite name="pytest" errors="0" failures="0" skipped="0" tests="4" time="1.564" timestamp="2026-09-12T00:42:07.852492+00:00" hostname="agent-env-21cf42e1-98ba-4205-8db0-5d568d0c6c7e"><testcase classname="tests.test_admin_summary_stats.TestAdminStatsShape" name="test_new_keys_present" time="0.547" /><testcase classname="tests.test_admin_summary_stats.TestAdminStatsShape" name="test_forbidden_for_student" time="0.403" /><testcase classname="tests.test_admin_summary_stats.TestAdminStatsShape" name="test_region_filter_all_equivalent" time="0.140" /><testcase classname="tests.test_admin_summary_stats.TestRegionFilter" name="test_region_filter_uses_controlled_data" time="0.422" /></testsuite></testsuites>