<?xml version="1.0" encoding="utf-8"?><testsuites name="pytest tests"><testsuite name="pytest" errors="0" failures="0" skipped="0" tests="19" time="5.874" timestamp="2026-09-13T16:26:56.461525+00:00" hostname="agent-env-21cf42e1-98ba-4205-8db0-5d568d0c6c7e"><testcase classname="tests.test_admin_wilayah" name="test_super_admin_creates_regional_admin" time="0.816" /><testcase classname="tests.test_admin_wilayah" name="test_super_admin_creates_regional_admin_requires_region" time="0.160" /><testcase classname="tests.test_admin_wilayah" name="test_super_admin_creates_regional_admin_invalid_region" time="0.131" /><testcase classname="tests.test_admin_wilayah" name="test_admin_pic_can_create_regional_admin" time="0.715" /><testcase classname="tests.test_admin_wilayah" name="test_admin_pic_cannot_create_admin_role" time="0.122" /><testcase classname="tests.test_admin_wilayah" name="test_admin_pic_cannot_create_super_admin_role" time="0.140" /><testcase classname="tests.test_admin_wilayah" name="test_regional_admin_lists_only_own_region" time="0.844" /><testcase classname="tests.test_admin_wilayah" name="test_regional_admin_region_all_still_scoped" time="0.134" /><testcase classname="tests.test_admin_wilayah" name="test_regional_admin_region_other_still_scoped" time="0.214" /><testcase classname="tests.test_admin_wilayah" name="test_regional_admin_stats_scoped" time="0.152" /><testcase classname="tests.test_admin_wilayah" name="test_regional_admin_detail_cross_region_404" time="0.137" /><testcase classname="tests.test_admin_wilayah" name="test_regional_admin_status_update_cross_region_404" time="0.122" /><testcase classname="tests.test_admin_wilayah" name="test_regional_admin_detail_own_region_ok" time="0.123" /><testcase classname="tests.test_admin_wilayah" name="test_regional_admin_cannot_list_admin_users" time="0.126" /><testcase classname="tests.test_admin_wilayah" name="test_regional_admin_cannot_create_admin_users" time="0.154" /><testcase classname="tests.test_admin_wilayah" name="test_regional_admin_export_scoped" time="0.169" /><testcase classname="tests.test_admin_wilayah" name="test_admin_pic_sees_all_regions" time="0.166" /><testcase classname="tests.test_admin_wilayah" name="test_super_admin_toggle_and_delete_regional_admin" time="0.684" /><testcase classname="tests.test_admin_wilayah" name="test_admin_pic_can_toggle_and_delete_regional_admin_only" time="0.610" /></testsuite></testsuites>