<?xml version="1.0" encoding="utf-8"?><testsuites name="pytest tests"><testsuite name="pytest" errors="0" failures="0" skipped="0" tests="9" time="1.939" timestamp="2026-09-12T00:55:49.430300+00:00" hostname="agent-env-21cf42e1-98ba-4205-8db0-5d568d0c6c7e"><testcase classname="tests.test_admin_summary_regions" name="test_stats_available_regions_no_belum_diisi" time="0.518" /><testcase classname="tests.test_admin_summary_regions" name="test_stats_total_not_zero" time="0.136" /><testcase classname="tests.test_admin_summary_regions" name="test_stats_by_region_ok[Jakarta Barat]" time="0.143" /><testcase classname="tests.test_admin_summary_regions" name="test_stats_by_region_ok[Jakarta Pusat]" time="0.120" /><testcase classname="tests.test_admin_summary_regions" name="test_stats_by_region_ok[Jakarta Selatan]" time="0.119" /><testcase classname="tests.test_admin_summary_regions" name="test_stats_by_region_ok[Jakarta Timur]" time="0.150" /><testcase classname="tests.test_admin_summary_regions" name="test_stats_by_region_ok[Jakarta Utara]" time="0.164" /><testcase classname="tests.test_admin_summary_regions" name="test_stats_by_region_ok[Kepulauan Seribu]" time="0.151" /><testcase classname="tests.test_admin_summary_regions" name="test_stats_belum_diisi_filter_returns_no_extra" time="0.137" /></testsuite></testsuites>