<?xml version="1.0" encoding="utf-8"?><testsuites name="pytest tests"><testsuite name="pytest" errors="0" failures="0" skipped="0" tests="4" time="1.774" timestamp="2026-09-12T00:29:25.630811+00:00" hostname="agent-env-21cf42e1-98ba-4205-8db0-5d568d0c6c7e"><testcase classname="tests.test_admin_dashboard_stats.TestAdminStats" name="test_admin_stats_shape" time="0.486" /><testcase classname="tests.test_admin_dashboard_stats.TestAdminStats" name="test_admin_stats_forbidden_for_student" time="0.421" /><testcase classname="tests.test_admin_dashboard_stats.TestPassedByRegion" name="test_passed_by_region_reflects_lolos" time="0.704" /><testcase classname="tests.test_admin_dashboard_stats.TestPassedByRegion" name="test_passed_by_region_empty_state_or_valid" time="0.111" /></testsuite></testsuites>