<?xml version="1.0" encoding="utf-8"?><testsuites name="pytest tests"><testsuite name="pytest" errors="0" failures="0" skipped="0" tests="10" time="3.272" timestamp="2026-09-12T01:01:37.691257+00:00" hostname="agent-env-21cf42e1-98ba-4205-8db0-5d568d0c6c7e"><testcase classname="tests.test_admin_participants_region" name="test_available_regions_only_six" time="0.567" /><testcase classname="tests.test_admin_participants_region" name="test_participants_total_is_53" time="0.189" /><testcase classname="tests.test_admin_participants_region" name="test_participants_have_wilayah_field" time="0.144" /><testcase classname="tests.test_admin_participants_region" name="test_filter_per_region[Jakarta Pusat-9]" time="0.158" /><testcase classname="tests.test_admin_participants_region" name="test_filter_per_region[Jakarta Utara-9]" time="0.141" /><testcase classname="tests.test_admin_participants_region" name="test_filter_per_region[Jakarta Barat-8]" time="0.172" /><testcase classname="tests.test_admin_participants_region" name="test_filter_per_region[Jakarta Selatan-8]" time="0.182" /><testcase classname="tests.test_admin_participants_region" name="test_filter_per_region[Jakarta Timur-8]" time="0.176" /><testcase classname="tests.test_admin_participants_region" name="test_filter_per_region[Kepulauan Seribu-8]" time="0.152" /><testcase classname="tests.test_admin_participants_region" name="test_region_sums_equal_or_less_than_total" time="1.092" /></testsuite></testsuites>