<?xml version="1.0" encoding="utf-8"?><testsuites name="pytest tests"><testsuite name="pytest" errors="0" failures="0" skipped="0" tests="6" time="19.685" timestamp="2026-09-12T02:51:13.016722+00:00" hostname="agent-env-21cf42e1-98ba-4205-8db0-5d568d0c6c7e"><testcase classname="tests.test_ai_verification" name="test_student_rbac_forbidden" time="0.869" /><testcase classname="tests.test_ai_verification" name="test_admin_generate_lists_recommendations" time="16.715" /><testcase classname="tests.test_ai_verification" name="test_approve_selected_only_changes_chosen" time="0.491" /><testcase classname="tests.test_ai_verification" name="test_approve_all_updates_remaining_recommended" time="0.514" /><testcase classname="tests.test_ai_verification" name="test_approve_requires_selection" time="0.499" /><testcase classname="tests.test_ai_verification" name="test_super_admin_can_list" time="0.471" /></testsuite></testsuites>