<?xml version="1.0" encoding="utf-8"?><testsuites name="pytest tests"><testsuite name="pytest" errors="0" failures="0" skipped="0" tests="7" time="0.583" timestamp="2026-09-12T00:21:46.184283+00:00" hostname="agent-env-21cf42e1-98ba-4205-8db0-5d568d0c6c7e"><testcase classname="tests.test_auto_campus_registration" name="test_1_get_campuses_no_object_id_and_baseline" time="0.241" /><testcase classname="tests.test_auto_campus_registration" name="test_2_student_saves_kampus_lainnya_and_gets_generated_code" time="0.231" /><testcase classname="tests.test_auto_campus_registration" name="test_3_admin_sees_new_campus_in_list" time="0.007" /><testcase classname="tests.test_auto_campus_registration" name="test_4_resaving_same_campus_does_not_duplicate" time="0.010" /><testcase classname="tests.test_auto_campus_registration" name="test_5_student_still_403_on_campus_mutations" time="0.007" /><testcase classname="tests.test_auto_campus_registration" name="test_6_cleanup_delete_test_campus_and_restore_profile" time="0.020" /><testcase classname="tests.test_auto_campus_registration" name="test_7_final_campus_total_is_378" time="0.007" /></testsuite></testsuites>