<?xml version="1.0" encoding="utf-8"?><testsuites name="pytest tests"><testsuite name="pytest" errors="0" failures="0" skipped="0" tests="30" time="5.442" timestamp="2026-09-13T17:23:17.170913+00:00" hostname="agent-env-21cf42e1-98ba-4205-8db0-5d568d0c6c7e"><testcase classname="tests.test_beneficiary_pm.TestBeneficiaryDetailAndMutations" name="test_detail_masks_account" time="1.363" /><testcase classname="tests.test_beneficiary_pm.TestRegionalAdminScope" name="test_regional_can_list_beneficiaries" time="1.523" /><testcase classname="tests.test_beneficiary_pm.TestBeneficiaryDetailAndMutations" name="test_update_bank_masks_on_response" time="0.394" /><testcase classname="tests.test_beneficiary_pm.TestRegionalAdminScope" name="test_regional_query_other_region_still_own" time="0.178" /><testcase classname="tests.test_beneficiary_pm.TestBeneficiaryDetailAndMutations" name="test_bank_rejects_short_account" time="0.474" /><testcase classname="tests.test_beneficiary_pm.TestRegionalAdminScope" name="test_regional_cannot_update_bank_403" time="0.629" /><testcase classname="tests.test_beneficiary_pm.TestBeneficiaryDetailAndMutations" name="test_update_disbursement" time="0.374" /><testcase classname="tests.test_beneficiary_pm.TestRegionalAdminScope" name="test_regional_cannot_update_disbursement_403" time="0.248" /><testcase classname="tests.test_beneficiary_pm.TestRegionalAdminScope" name="test_regional_cannot_upload_active_letters_403" time="0.150" /><testcase classname="tests.test_beneficiary_pm.TestBeneficiaryDetailAndMutations" name="test_disbursement_invalid_stage" time="0.222" /><testcase classname="tests.test_beneficiary_pm.TestRegionalAdminScope" name="test_regional_cannot_upload_transfer_403" time="0.119" /><testcase classname="tests.test_beneficiary_pm.TestBeneficiaryDetailAndMutations" name="test_disbursement_invalid_status" time="0.286" /><testcase classname="tests.test_beneficiary_pm.TestRegionalAdminScope" name="test_regional_cannot_list_reviews_403" time="0.161" /><testcase classname="tests.test_beneficiary_pm.TestRegionalAdminScope" name="test_regional_cannot_download_file_403" time="0.159" /><testcase classname="tests.test_beneficiary_pm.TestListBeneficiaries" name="test_list_only_final_pass" time="0.133" /><testcase classname="tests.test_beneficiary_pm.TestRegionalAdminScope" name="test_regional_out_of_region_detail_404" time="0.425" /><testcase classname="tests.test_beneficiary_pm.TestListBeneficiaries" name="test_super_admin_sees_beneficiaries" time="0.471" /><testcase classname="tests.test_beneficiary_pm.TestUploadValidation" name="test_reject_bad_extension" time="0.125" /><testcase classname="tests.test_beneficiary_pm.TestListBeneficiaries" name="test_student_forbidden" time="0.511" /><testcase classname="tests.test_beneficiary_pm.TestUploadValidation" name="test_reject_bad_magic_bytes" time="0.122" /><testcase classname="tests.test_beneficiary_pm.TestUploadValidation" name="test_reject_bad_magic_transfer" time="0.253" /><testcase classname="tests.test_beneficiary_pm.TestUploadValidation" name="test_reject_invalid_stage_transfer" time="0.103" /><testcase classname="tests.test_beneficiary_pm.TestAdminProvinsiCreation" name="test_provincial_admin_cannot_create_admin" time="0.125" /><testcase classname="tests.test_beneficiary_pm.TestListBeneficiaries" name="test_search_filter" time="0.164" /><testcase classname="tests.test_beneficiary_pm.TestAdminProvinsiCreation" name="test_provincial_admin_cannot_create_super_admin" time="0.130" /><testcase classname="tests.test_beneficiary_pm.TestReviewsAudit" name="test_prov_can_list_reviews" time="0.131" /><testcase classname="tests.test_beneficiary_pm.TestAdminProvinsiCreation" name="test_super_admin_can_create_provincial_admin" time="0.631" /><testcase classname="tests.test_beneficiary_pm.TestReviewsAudit" name="test_super_can_list_reviews" time="0.290" /><testcase classname="tests.test_beneficiary_pm.TestReviewsAudit" name="test_audit_endpoint_requires_valid_pm" time="0.100" /><testcase classname="tests.test_beneficiary_pm.TestReviewsAudit" name="test_resolve_review_404_when_missing" time="0.138" /></testsuite></testsuites>