<?xml version="1.0" encoding="utf-8"?><testsuites name="pytest tests"><testsuite name="pytest" errors="0" failures="0" skipped="0" tests="4" time="0.759" timestamp="2026-09-12T00:12:50.380602+00:00" hostname="agent-env-21cf42e1-98ba-4205-8db0-5d568d0c6c7e"><testcase classname="tests.test_campuses" name="test_student_can_list_campuses_expects_377_unique" time="0.235" /><testcase classname="tests.test_campuses" name="test_admin_full_crud_cycle" time="0.255" /><testcase classname="tests.test_campuses" name="test_reimport_xlsx_is_idempotent_final_377" time="0.212" /><testcase classname="tests.test_campuses" name="test_student_cannot_mutate_campuses" time="0.006" /></testsuite></testsuites>