<?xml version="1.0" encoding="utf-8"?><testsuites name="pytest tests"><testsuite name="pytest" errors="0" failures="1" skipped="0" tests="19" time="4.768" timestamp="2026-09-13T17:50:43.514035+00:00" hostname="agent-env-21cf42e1-98ba-4205-8db0-5d568d0c6c7e"><testcase classname="tests.test_campus_disbursements.TestTransferProofsAlias" name="test_alias_bad_stage" time="0.981" /><testcase classname="tests.test_campus_disbursements.TestTransferProofsAlias" name="test_alias_bad_extension" time="0.147" /><testcase classname="tests.test_campus_disbursements.TestTransferProofsAlias" name="test_alias_bad_magic_bytes" time="0.269" /><testcase classname="tests.test_campus_disbursements.TestRegionalScope" name="test_list_scoped_even_with_other_region" time="1.506" /><testcase classname="tests.test_campus_disbursements.TestTransferProofsAlias" name="test_alias_empty_files" time="0.134" /><testcase classname="tests.test_campus_disbursements.TestCampusList" name="test_prov_list_shape" time="0.312" /><testcase classname="tests.test_campus_disbursements.TestRegionalScope" name="test_out_of_region_detail_404" time="0.605" /><testcase classname="tests.test_campus_disbursements.TestCampusList" name="test_prov_list_search_filter" time="0.249" /><testcase classname="tests.test_campus_disbursements.TestRegionalScope" name="test_regional_update_aggregate_forbidden" time="0.634" /><testcase classname="tests.test_campus_disbursements.TestCampusList" name="test_student_forbidden" time="0.513" /><testcase classname="tests.test_campus_disbursements.TestUpdateAggregate" name="test_update_persists_and_reverts" time="0.429"><failure message="AssertionError: Internal Server Error&#10;assert 500 == 200&#10; +  where 500 = &lt;Response [500]&gt;.status_code">backend/tests/test_campus_disbursements.py:229: in test_update_persists_and_reverts
    assert r.status_code == 200, r.text
E   AssertionError: Internal Server Error
E   assert 500 == 200
E    +  where 500 = &lt;Response [500]&gt;.status_code</failure></testcase><testcase classname="tests.test_campus_disbursements.TestRegionalScope" name="test_regional_transfer_proofs_alias_forbidden" time="0.124" /><testcase classname="tests.test_campus_disbursements.TestRegionalScope" name="test_regional_audit_scoped" time="0.259" /><testcase classname="tests.test_campus_disbursements.TestUpdateAggregate" name="test_update_invalid_stage" time="0.428" /><testcase classname="tests.test_campus_disbursements.TestCampusDetail" name="test_detail_structure" time="0.302" /><testcase classname="tests.test_campus_disbursements.TestCampusDetail" name="test_detail_unknown_campus_404" time="0.269" /><testcase classname="tests.test_campus_disbursements.TestUpdateAggregate" name="test_update_invalid_status" time="0.383" /><testcase classname="tests.test_campus_disbursements.TestCampusAudit" name="test_audit_ok" time="0.301" /><testcase classname="tests.test_campus_disbursements.TestCampusAudit" name="test_audit_unknown_campus_404" time="0.186" /></testsuite></testsuites>