<?xml version="1.0" encoding="utf-8"?><testsuites name="pytest tests"><testsuite name="pytest" errors="0" failures="0" skipped="0" tests="5" time="2.576" timestamp="2026-09-11T23:37:44.486713+00:00" hostname="agent-env-21cf42e1-98ba-4205-8db0-5d568d0c6c7e"><testcase classname="tests.test_cpm_registration.TestCPMId" name="test_student_get_registration_has_cpm_id" time="0.617" /><testcase classname="tests.test_cpm_registration.TestCPMId" name="test_cpm_id_stable_across_multiple_gets" time="0.408" /><testcase classname="tests.test_cpm_registration.TestCPMId" name="test_cpm_id_unchanged_after_draft_post" time="0.453" /><testcase classname="tests.test_cpm_registration.TestCPMId" name="test_demo_student_expected_id" time="0.320" /><testcase classname="tests.test_cpm_registration.TestCPMId" name="test_admin_registration_endpoint_not_cpm" time="0.478" /></testsuite></testsuites>