<?xml version="1.0" encoding="utf-8"?><testsuites name="pytest tests"><testsuite name="pytest" errors="0" failures="0" skipped="0" tests="9" time="5.507" timestamp="2026-09-12T00:53:28.093952+00:00" hostname="agent-env-21cf42e1-98ba-4205-8db0-5d568d0c6c7e"><testcase classname="tests.test_demo_students_seed.TestSeedEndpoint" name="test_student_forbidden" time="0.428" /><testcase classname="tests.test_demo_students_seed.TestSeedEndpoint" name="test_admin_forbidden" time="0.435" /><testcase classname="tests.test_demo_students_seed.TestSeedEndpoint" name="test_super_admin_idempotent" time="0.443" /><testcase classname="tests.test_demo_students_seed.TestSeededData" name="test_50_seeded_records" time="0.191" /><testcase classname="tests.test_demo_students_seed.TestSeededData" name="test_status_distribution" time="0.000" /><testcase classname="tests.test_demo_students_seed.TestSeededData" name="test_all_regions_covered" time="3.731" /><testcase classname="tests.test_demo_students_seed.TestSeededData" name="test_seeded_have_campus_and_profile" time="0.061" /><testcase classname="tests.test_demo_students_seed.TestDashboardStats" name="test_recipient_totals" time="0.088" /><testcase classname="tests.test_demo_students_seed.TestDashboardStats" name="test_total_registrations_at_least_53" time="0.078" /></testsuite></testsuites>