<?xml version="1.0" encoding="utf-8"?><testsuites name="pytest tests"><testsuite name="pytest" errors="0" failures="0" skipped="0" tests="5" time="14.652" timestamp="2026-09-11T22:58:11.673218+00:00" hostname="agent-env-21cf42e1-98ba-4205-8db0-5d568d0c6c7e"><testcase classname="tests.test_education_scan" name="test_login_ok" time="0.589" /><testcase classname="tests.test_education_scan" name="test_extract_ktm" time="6.869" /><testcase classname="tests.test_education_scan" name="test_extract_academic" time="6.580" /><testcase classname="tests.test_education_scan" name="test_reject_bad_format" time="0.081" /><testcase classname="tests.test_education_scan" name="test_save_education_persists" time="0.224" /></testsuite></testsuites>