<?xml version="1.0" encoding="utf-8"?><testsuites name="pytest tests"><testsuite name="pytest" errors="0" failures="0" skipped="0" tests="5" time="2.296" timestamp="2026-09-12T02:13:36.542760+00:00" hostname="agent-env-21cf42e1-98ba-4205-8db0-5d568d0c6c7e"><testcase classname="tests.test_participants_export_xlsx" name="test_export_all" time="0.706" /><testcase classname="tests.test_participants_export_xlsx" name="test_export_filter_jakarta_pusat" time="0.180" /><testcase classname="tests.test_participants_export_xlsx" name="test_export_filter_status_lolos" time="0.135" /><testcase classname="tests.test_participants_export_xlsx" name="test_export_forbidden_for_student" time="0.512" /><testcase classname="tests.test_participants_export_xlsx" name="test_export_requires_auth" time="0.170" /></testsuite></testsuites>