<?xml version="1.0" encoding="utf-8"?><testsuites name="pytest tests"><testsuite name="pytest" errors="0" failures="0" skipped="0" tests="58" time="42.600" timestamp="2026-09-13T18:18:03.334495+00:00" hostname="agent-env-21cf42e1-98ba-4205-8db0-5d568d0c6c7e"><testcase classname="tests.test_campus_disbursements.TestStageFiltering" name="test_reviews_stage_1_ok" time="0.644" /><testcase classname="tests.test_campus_disbursements.TestStageFiltering" name="test_reviews_stage_2_ok" time="0.348" /><testcase classname="tests.test_campus_disbursements.TestStageFiltering" name="test_reviews_stage_3_rejected" time="0.348" /><testcase classname="tests.test_campus_disbursements.TestStageFiltering" name="test_reviews_no_stage_returns_all" time="0.147" /><testcase classname="tests.test_beneficiary_pm.TestRegionalAdminScope" name="test_regional_can_list_beneficiaries" time="1.476" /><testcase classname="tests.test_beneficiary_pm.TestRegionalAdminScope" name="test_regional_query_other_region_still_own" time="0.148" /><testcase classname="tests.test_campus_disbursements.TestStageFiltering" name="test_audit_stage_1_ok" time="0.515" /><testcase classname="tests.test_campus_disbursements.TestStageFiltering" name="test_audit_stage_2_ok" time="0.272" /><testcase classname="tests.test_beneficiary_pm.TestRegionalAdminScope" name="test_regional_cannot_update_bank_403" time="0.643" /><testcase classname="tests.test_beneficiary_pm.TestRegionalAdminScope" name="test_regional_cannot_update_disbursement_403" time="0.256" /><testcase classname="tests.test_campus_disbursements.TestStageFiltering" name="test_audit_stage_3_rejected" time="0.257" /><testcase classname="tests.test_beneficiary_pm.TestRegionalAdminScope" name="test_regional_cannot_upload_active_letters_403" time="0.130" /><testcase classname="tests.test_campus_disbursements.TestStageFiltering" name="test_stage_1_and_2_are_isolated" time="1.058" /><testcase classname="tests.test_beneficiary_pm.TestRegionalAdminScope" name="test_regional_cannot_upload_transfer_403" time="0.178" /><testcase classname="tests.test_beneficiary_pm.TestRegionalAdminScope" name="test_regional_cannot_list_reviews_403" time="0.145" /><testcase classname="tests.test_beneficiary_pm.TestRegionalAdminScope" name="test_regional_cannot_download_file_403" time="0.124" /><testcase classname="tests.test_beneficiary_pm.TestRegionalAdminScope" name="test_regional_out_of_region_detail_404" time="0.391" /><testcase classname="tests.test_campus_disbursements.TestRegionalScope" name="test_list_scoped_even_with_other_region" time="1.508" /><testcase classname="tests.test_campus_disbursements.TestStageFiltering" name="test_regional_reviews_forbidden_both_stages" time="2.053" /><testcase classname="tests.test_campus_disbursements.TestRegionalScope" name="test_out_of_region_detail_404" time="0.649" /><testcase classname="tests.test_campus_disbursements.TestRegionalScope" name="test_regional_update_aggregate_forbidden" time="0.568" /><testcase classname="tests.test_beneficiary_pm.TestBeneficiaryDetailAndMutations" name="test_detail_masks_account" time="0.627" /><testcase classname="tests.test_campus_disbursements.TestRegionalScope" name="test_regional_transfer_proofs_alias_forbidden" time="0.120" /><testcase classname="tests.test_beneficiary_pm.TestBeneficiaryDetailAndMutations" name="test_update_bank_masks_on_response" time="0.384" /><testcase classname="tests.test_campus_disbursements.TestRegionalScope" name="test_regional_audit_scoped" time="0.262" /><testcase classname="tests.test_campus_disbursements.TestTransferProofsAlias" name="test_alias_bad_stage" time="0.115" /><testcase classname="tests.test_beneficiary_pm.TestBeneficiaryDetailAndMutations" name="test_bank_rejects_short_account" time="0.258" /><testcase classname="tests.test_campus_disbursements.TestTransferProofsAlias" name="test_alias_bad_extension" time="0.127" /><testcase classname="tests.test_campus_disbursements.TestTransferProofsAlias" name="test_alias_bad_magic_bytes" time="0.139" /><testcase classname="tests.test_beneficiary_pm.TestBeneficiaryDetailAndMutations" name="test_update_disbursement" time="0.308" /><testcase classname="tests.test_campus_disbursements.TestTransferProofsAlias" name="test_alias_empty_files" time="0.317" /><testcase classname="tests.test_beneficiary_pm.TestBeneficiaryDetailAndMutations" name="test_disbursement_invalid_stage" time="0.420" /><testcase classname="tests.test_beneficiary_pm.TestListBeneficiaries" name="test_list_only_final_pass" time="0.454" /><testcase classname="tests.test_beneficiary_pm.TestBeneficiaryDetailAndMutations" name="test_disbursement_invalid_status" time="0.459" /><testcase classname="tests.test_beneficiary_pm.TestListBeneficiaries" name="test_super_admin_sees_beneficiaries" time="0.466" /><testcase classname="tests.test_beneficiary_pm.TestUploadValidation" name="test_reject_bad_extension" time="0.118" /><testcase classname="tests.test_beneficiary_pm.TestUploadValidation" name="test_reject_bad_magic_bytes" time="0.123" /><testcase classname="tests.test_beneficiary_pm.TestListBeneficiaries" name="test_student_forbidden" time="0.569" /><testcase classname="tests.test_beneficiary_pm.TestUploadValidation" name="test_reject_bad_magic_transfer" time="0.246" /><testcase classname="tests.test_beneficiary_pm.TestUploadValidation" name="test_reject_invalid_stage_transfer" time="0.162" /><testcase classname="tests.test_beneficiary_pm.TestListBeneficiaries" name="test_search_filter" time="0.310" /><testcase classname="tests.test_beneficiary_pm.TestReviewsAudit" name="test_prov_can_list_reviews" time="0.122" /><testcase classname="tests.test_campus_disbursements.TestCampusList" name="test_prov_list_shape" time="0.504" /><testcase classname="tests.test_beneficiary_pm.TestReviewsAudit" name="test_super_can_list_reviews" time="0.124" /><testcase classname="tests.test_campus_disbursements.TestCampusList" name="test_prov_list_search_filter" time="0.321" /><testcase classname="tests.test_beneficiary_pm.TestReviewsAudit" name="test_audit_endpoint_requires_valid_pm" time="0.137" /><testcase classname="tests.test_beneficiary_pm.TestReviewsAudit" name="test_resolve_review_404_when_missing" time="0.131" /><testcase classname="tests.test_beneficiary_pm.TestAdminProvinsiCreation" name="test_provincial_admin_cannot_create_admin" time="0.302" /><testcase classname="tests.test_campus_disbursements.TestCampusList" name="test_student_forbidden" time="0.503" /><testcase classname="tests.test_beneficiary_pm.TestAdminProvinsiCreation" name="test_provincial_admin_cannot_create_super_admin" time="0.118" /><testcase classname="tests.test_beneficiary_pm.TestAdminProvinsiCreation" name="test_super_admin_can_create_provincial_admin" time="0.495" /><testcase classname="tests.test_campus_disbursements.TestUpdateAggregate" name="test_update_persists_and_reverts" time="1.123" /><testcase classname="tests.test_campus_disbursements.TestCampusDetail" name="test_detail_structure" time="0.599" /><testcase classname="tests.test_campus_disbursements.TestCampusDetail" name="test_detail_unknown_campus_404" time="0.127" /><testcase classname="tests.test_campus_disbursements.TestUpdateAggregate" name="test_update_invalid_stage" time="30.566" /><testcase classname="tests.test_campus_disbursements.TestCampusAudit" name="test_audit_ok" time="0.269" /><testcase classname="tests.test_campus_disbursements.TestCampusAudit" name="test_audit_unknown_campus_404" time="30.248" /><testcase classname="tests.test_campus_disbursements.TestUpdateAggregate" name="test_update_invalid_status" time="0.458" /></testsuite></testsuites>