<?xml version="1.0" encoding="utf-8"?><testsuites name="pytest tests"><testsuite name="pytest" errors="0" failures="2" skipped="0" tests="73" time="77.502" timestamp="2026-09-14T01:48:53.650755+00:00" hostname="agent-env-21cf42e1-98ba-4205-8db0-5d568d0c6c7e"><testcase classname="tests.test_active_letter_approvals.TestDecisionFlow" name="test_approve_factual_updates_registration" time="0.840" /><testcase classname="tests.test_campus_disbursements.TestStageFiltering" name="test_reviews_stage_1_ok" time="1.004" /><testcase classname="tests.test_active_letter_approvals.TestDecisionFlow" name="test_stale_when_registration_status_changed" time="0.222" /><testcase classname="tests.test_campus_disbursements.TestStageFiltering" name="test_reviews_stage_2_ok" time="0.186" /><testcase classname="tests.test_active_letter_approvals.TestDecisionFlow" name="test_reject_factual_keeps_registration" time="0.193" /><testcase classname="tests.test_campus_disbursements.TestStageFiltering" name="test_reviews_stage_3_rejected" time="0.216" /><testcase classname="tests.test_active_letter_approvals.TestDecisionFlow" name="test_approve_stage_ii_writes_eligibility" time="0.246" /><testcase classname="tests.test_campus_disbursements.TestStageFiltering" name="test_reviews_no_stage_returns_all" time="0.210" /><testcase classname="tests.test_active_letter_approvals.TestDecisionFlow" name="test_reject_stage_ii_no_eligibility" time="0.158" /><testcase classname="tests.test_campus_disbursements.TestStageFiltering" name="test_audit_stage_1_ok" time="0.367" /><testcase classname="tests.test_active_letter_approvals.TestDecisionFlow" name="test_bulk_apply_all_requires_source_ids" time="0.217" /><testcase classname="tests.test_active_letter_approvals.TestDecisionFlow" name="test_bulk_apply_all_scoped_to_source_only" time="0.003"><failure message="pymongo.errors.DuplicateKeyError: E11000 duplicate key error collection: test_database.beneficiary_sources index: id_1 dup key: { id: &quot;src_scoped_a_ad1a5c&quot; }, full error: {'index': 0, 'code': 11000, 'errmsg': 'E11000 duplicate key error collection: test_database.beneficiary_sources index: id_1 dup key: { id: &quot;src_scoped_a_ad1a5c&quot; }', 'keyPattern': {'id': 1}, 'keyValue': {'id': 'src_scoped_a_ad1a5c'}}">tests/test_active_letter_approvals.py:391: in test_bulk_apply_all_scoped_to_source_only
    rid_quar = _seed_recommendation(uid_q, "factual_verification", "quarantined", source_id=src_a)
               ^^^^^^^^^^^^^^^^^^^^^^^^^^^^^^^^^^^^^^^^^^^^^^^^^^^^^^^^^^^^^^^^^^^^^^^^^^^^^^^^^^^
tests/test_active_letter_approvals.py:270: in _seed_recommendation
    db.beneficiary_sources.insert_one({
/root/.venv/lib/python3.11/site-packages/pymongo/collection.py:669: in insert_one
    self._insert_one(
/root/.venv/lib/python3.11/site-packages/pymongo/collection.py:609: in _insert_one
    self.__database.client._retryable_write(acknowledged, _insert_command, session)
/root/.venv/lib/python3.11/site-packages/pymongo/mongo_client.py:1523: in _retryable_write
    return self._retry_with_session(retryable, func, s, bulk)
           ^^^^^^^^^^^^^^^^^^^^^^^^^^^^^^^^^^^^^^^^^^^^^^^^^^
/root/.venv/lib/python3.11/site-packages/pymongo/mongo_client.py:1421: in _retry_with_session
    return self._retry_internal(
/root/.venv/lib/python3.11/site-packages/pymongo/_csot.py:107: in csot_wrapper
    return func(self, *args, **kwargs)
           ^^^^^^^^^^^^^^^^^^^^^^^^^^^
/root/.venv/lib/python3.11/site-packages/pymongo/mongo_client.py:1462: in _retry_internal
    ).run()
      ^^^^^
/root/.venv/lib/python3.11/site-packages/pymongo/mongo_client.py:2315: in run
    return self._read() if self._is_read else self._write()
                                              ^^^^^^^^^^^^^
/root/.venv/lib/python3.11/site-packages/pymongo/mongo_client.py:2423: in _write
    return self._func(self._session, conn, self._retryable)  # type: ignore
           ^^^^^^^^^^^^^^^^^^^^^^^^^^^^^^^^^^^^^^^^^^^^^^^^
/root/.venv/lib/python3.11/site-packages/pymongo/collection.py:607: in _insert_command
    _check_write_command_response(result)
/root/.venv/lib/python3.11/site-packages/pymongo/helpers.py:266: in _check_write_command_response
    _raise_last_write_error(write_errors)
/root/.venv/lib/python3.11/site-packages/pymongo/helpers.py:238: in _raise_last_write_error
    raise DuplicateKeyError(error.get("errmsg"), 11000, error)
E   pymongo.errors.DuplicateKeyError: E11000 duplicate key error collection: test_database.beneficiary_sources index: id_1 dup key: { id: "src_scoped_a_ad1a5c" }, full error: {'index': 0, 'code': 11000, 'errmsg': 'E11000 duplicate key error collection: test_database.beneficiary_sources index: id_1 dup key: { id: "src_scoped_a_ad1a5c" }', 'keyPattern': {'id': 1}, 'keyValue': {'id': 'src_scoped_a_ad1a5c'}}</failure></testcase><testcase classname="tests.test_active_letter_approvals.TestDecisionFlow" name="test_invalid_action_rejected" time="0.202" /><testcase classname="tests.test_campus_disbursements.TestStageFiltering" name="test_audit_stage_2_ok" time="0.396" /><testcase classname="tests.test_active_letter_approvals.TestDecisionFlow" name="test_invalid_workflow_rejected" time="0.160" /><testcase classname="tests.test_active_letter_approvals.TestDecisionFlow" name="test_no_ids_and_not_apply_all_rejected" time="0.189" /><testcase classname="tests.test_campus_disbursements.TestStageFiltering" name="test_audit_stage_3_rejected" time="0.391" /><testcase classname="tests.test_active_letter_approvals.TestDecisionFlow" name="test_decision_no_matches_returns_404" time="0.209" /><testcase classname="tests.test_campus_disbursements.TestStageFiltering" name="test_stage_1_and_2_are_isolated" time="1.791" /><testcase classname="tests.test_transfer_proof_region.TestRegionValidationPreOCR" name="test_missing_region_400" time="0.598" /><testcase classname="tests.test_transfer_proof_region.TestRegionValidationPreOCR" name="test_empty_region_400" time="0.261" /><testcase classname="tests.test_transfer_proof_region.TestRegionValidationPreOCR" name="test_invalid_region_400" time="0.180" /><testcase classname="tests.test_transfer_proof_region.TestRegionValidationPreOCR" name="test_case_sensitive_region_rejected" time="0.222" /><testcase classname="tests.test_transfer_proof_region.TestRegionValidationPreOCR" name="test_valid_region_but_bad_extension_400" time="0.193" /><testcase classname="tests.test_transfer_proof_region.TestRegionValidationPreOCR" name="test_valid_region_bad_stage" time="0.215" /><testcase classname="tests.test_active_letter_approvals.TestRoleGating" name="test_wilayah_forbidden_on_list" time="1.697" /><testcase classname="tests.test_campus_disbursements.TestStageFiltering" name="test_regional_reviews_forbidden_both_stages" time="2.126" /><testcase classname="tests.test_active_letter_approvals.TestRoleGating" name="test_wilayah_forbidden_on_upload" time="0.234" /><testcase classname="tests.test_active_letter_approvals.TestRoleGating" name="test_wilayah_forbidden_on_decision" time="0.188" /><testcase classname="tests.test_active_letter_approvals.TestRoleGating" name="test_admin_allowed_on_list" time="0.645" /><testcase classname="tests.test_transfer_proof_region.TestAllSixRegionsAccepted" name="test_region_accepted_progresses_to_file_validation[Jakarta Pusat]" time="0.663" /><testcase classname="tests.test_active_letter_approvals.TestRoleGating" name="test_super_allowed_on_list" time="0.180" /><testcase classname="tests.test_transfer_proof_region.TestAllSixRegionsAccepted" name="test_region_accepted_progresses_to_file_validation[Jakarta Utara]" time="0.405" /><testcase classname="tests.test_transfer_proof_region.TestAllSixRegionsAccepted" name="test_region_accepted_progresses_to_file_validation[Jakarta Barat]" time="0.185" /><testcase classname="tests.test_transfer_proof_region.TestAllSixRegionsAccepted" name="test_region_accepted_progresses_to_file_validation[Jakarta Selatan]" time="0.236" /><testcase classname="tests.test_transfer_proof_region.TestAllSixRegionsAccepted" name="test_region_accepted_progresses_to_file_validation[Jakarta Timur]" time="0.397" /><testcase classname="tests.test_campus_disbursements.TestRegionalScope" name="test_list_scoped_even_with_other_region" time="1.407" /><testcase classname="tests.test_transfer_proof_region.TestAllSixRegionsAccepted" name="test_region_accepted_progresses_to_file_validation[Kepulauan Seribu]" time="0.261" /><testcase classname="tests.test_campus_disbursements.TestRegionalScope" name="test_out_of_region_detail_404" time="0.842" /><testcase classname="tests.test_campus_disbursements.TestTransferProofsAlias" name="test_alias_bad_stage" time="0.830" /><testcase classname="tests.test_campus_disbursements.TestRegionalScope" name="test_regional_update_aggregate_forbidden" time="0.397" /><testcase classname="tests.test_campus_disbursements.TestTransferProofsAlias" name="test_alias_bad_extension" time="0.159" /><testcase classname="tests.test_campus_disbursements.TestTransferProofsAlias" name="test_alias_bad_magic_bytes" time="0.217" /><testcase classname="tests.test_campus_disbursements.TestRegionalScope" name="test_regional_transfer_proofs_alias_forbidden" time="0.191" /><testcase classname="tests.test_campus_disbursements.TestTransferProofsAlias" name="test_alias_empty_files" time="0.179" /><testcase classname="tests.test_campus_disbursements.TestRegionalScope" name="test_regional_audit_scoped" time="0.636" /><testcase classname="tests.test_disbursement_proofs_iter26.TestStudentDisbursementProofs" name="test_list_empty_when_no_recipient_membership" time="0.647" /><testcase classname="tests.test_campus_disbursements.TestCampusList" name="test_prov_list_shape" time="0.191" /><testcase classname="tests.test_disbursement_proofs_iter26.TestStudentDisbursementProofs" name="test_download_denies_non_recipient" time="0.228" /><testcase classname="tests.test_campus_disbursements.TestCampusList" name="test_prov_list_search_filter" time="0.426" /><testcase classname="tests.test_disbursement_proofs_iter26.TestStudentDisbursementProofs" name="test_list_and_download_scoped_by_recipient" time="0.755" /><testcase classname="tests.test_campus_disbursements.TestCampusList" name="test_student_forbidden" time="0.998" /><testcase classname="tests.test_campus_disbursements.TestUpdateAggregate" name="test_update_persists_and_reverts" time="1.540" /><testcase classname="tests.test_disbursement_proofs_iter26.TestCampusRecapPDFFormat" name="test_list_has_students_expected_amount_remarks" time="0.693" /><testcase classname="tests.test_disbursement_proofs_iter26.TestCampusRecapPDFFormat" name="test_detail_regions_have_expected_amount_and_remarks" time="0.392" /><testcase classname="tests.test_campus_disbursements.TestUpdateAggregate" name="test_update_invalid_stage" time="0.711" /><testcase classname="tests.test_disbursement_proofs_iter26.TestDatasetPreservation" name="test_8_umt_demo_candidates_intact" time="0.001" /><testcase classname="tests.test_disbursement_proofs_iter26.TestDatasetPreservation" name="test_demo_tf_campuses_preserved" time="0.002"><failure message="AssertionError: expected at least 24 DEMO-TF campuses, got 0&#10;assert 0 &gt;= 24">tests/test_disbursement_proofs_iter26.py:347: in test_demo_tf_campuses_preserved
    assert cnt &gt;= 24, f"expected at least 24 DEMO-TF campuses, got {cnt}"
E   AssertionError: expected at least 24 DEMO-TF campuses, got 0
E   assert 0 &gt;= 24</failure></testcase><testcase classname="tests.test_active_letter_approvals.TestDemoUMTData" name="test_eight_umt_demo_candidates_exist" time="0.002" /><testcase classname="tests.test_active_letter_approvals.TestDemoUMTData" name="test_umt_demo_profiles_valid" time="0.002" /><testcase classname="tests.test_campus_disbursements.TestCampusDetail" name="test_detail_structure" time="0.943" /><testcase classname="tests.test_campus_disbursements.TestUpdateAggregate" name="test_update_invalid_status" time="0.565" /><testcase classname="tests.test_campus_disbursements.TestCampusDetail" name="test_detail_unknown_campus_404" time="0.197" /><testcase classname="tests.test_campus_disbursements.TestCampusAudit" name="test_audit_ok" time="0.623" /><testcase classname="tests.test_active_letter_approvals.TestUploadValidation" name="test_invalid_workflow_rejected" time="0.566" /><testcase classname="tests.test_active_letter_approvals.TestUploadValidation" name="test_missing_file_rejected" time="0.233" /><testcase classname="tests.test_campus_disbursements.TestCampusAudit" name="test_audit_unknown_campus_404" time="0.209" /><testcase classname="tests.test_disbursement_proofs_iter26.TestNominalAssessment" name="test_exact_3jt_plus_101_is_sesuai_via_direct_db" time="0.003" /><testcase classname="tests.test_active_letter_approvals.TestCandidateIndex" name="test_factual_index_includes_wawancara" time="0.004" /><testcase classname="tests.test_disbursement_proofs_iter26.TestManualEditRemark" name="test_manual_edit_flag_and_remark" time="59.021" /><testcase classname="tests.test_transfer_proof_region.TestRegionalUploadForbidden" name="test_regional_admin_forbidden_even_with_valid_region" time="59.455" /><testcase classname="tests.test_disbursement_proofs_iter26.TestRoleGuards" name="test_admin_wilayah_cannot_access_student_endpoint" time="1.730" /><testcase classname="tests.test_active_letter_approvals.TestListFilter" name="test_list_workflow_filter" time="0.589" /></testsuite></testsuites>