<?xml version="1.0" encoding="utf-8"?><testsuites name="pytest tests"><testsuite name="pytest" errors="0" failures="0" skipped="1" tests="70" time="17.713" timestamp="2026-09-13T19:06:17.654829+00:00" hostname="agent-env-21cf42e1-98ba-4205-8db0-5d568d0c6c7e"><testcase classname="tests.test_transfer_financials.TestFinancialFieldsExposure" name="test_list_stages_have_financial_fields" time="0.626" /><testcase classname="tests.test_transfer_financials.TestFinancialFieldsExposure" name="test_detail_region_stages_have_financial_fields" time="0.315" /><testcase classname="tests.test_transfer_financials.TestParseTransferAmount" name="test_parse[Rp3.000.000-3000000]" time="0.001" /><testcase classname="tests.test_transfer_financials.TestParseTransferAmount" name="test_parse[3.000.000,00-3000000]" time="0.000" /><testcase classname="tests.test_transfer_financials.TestParseTransferAmount" name="test_parse[3,000,000-3000000]" time="0.000" /><testcase classname="tests.test_transfer_financials.TestParseTransferAmount" name="test_parse[3000000-3000000_0]" time="0.000" /><testcase classname="tests.test_transfer_financials.TestParseTransferAmount" name="test_parse[3000000-3000000_1]" time="0.000" /><testcase classname="tests.test_transfer_financials.TestParseTransferAmount" name="test_parse[3000000.0-3000000]" time="0.000" /><testcase classname="tests.test_transfer_financials.TestParseTransferAmount" name="test_parse[-None]" time="0.000" /><testcase classname="tests.test_transfer_financials.TestParseTransferAmount" name="test_parse[None-None]" time="0.000" /><testcase classname="tests.test_transfer_financials.TestParseTransferAmount" name="test_parse[Rp 3.000.101-3000101]" time="0.000" /><testcase classname="tests.test_transfer_financials.TestRefreshFinancials" name="test_exact_amount_is_sesuai_1_student" time="0.009" /><testcase classname="tests.test_transfer_financials.TestRefreshFinancials" name="test_unique_code_plus_101_is_sesuai" time="0.007" /><testcase classname="tests.test_transfer_financials.TestRefreshFinancials" name="test_shortage_kurang_zero_paid" time="0.007" /><testcase classname="tests.test_transfer_financials.TestRefreshFinancials" name="test_excess_plus_102_is_lebih" time="0.007" /><testcase classname="tests.test_transfer_financials.TestRefreshFinancials" name="test_multiple_transactions_summed" time="0.006" /><testcase classname="tests.test_transfer_financials.TestRefreshFinancials" name="test_paid_count_capped_by_recipient_count" time="0.006" /><testcase classname="tests.test_transfer_financials.TestRefreshFinancials" name="test_no_transactions_belum_ada_transfer" time="0.007" /><testcase classname="tests.test_transfer_financials.TestDemoInvariants" name="test_demo_tf_campuses_preserved" time="0.130" /><testcase classname="tests.test_campus_disbursements.TestCampusList" name="test_prov_list_shape" time="0.479" /><testcase classname="tests.test_campus_disbursements.TestCampusList" name="test_prov_list_search_filter" time="0.300" /><testcase classname="tests.test_campus_disbursements.TestCampusList" name="test_student_forbidden" time="0.491" /><testcase classname="tests.test_campus_disbursements.TestCampusDetail" name="test_detail_structure" time="0.369" /><testcase classname="tests.test_campus_disbursements.TestCampusDetail" name="test_detail_unknown_campus_404" time="0.149" /><testcase classname="tests.test_campus_disbursements.TestUpdateAggregate" name="test_update_persists_and_reverts" time="0.827" /><testcase classname="tests.test_campus_disbursements.TestUpdateAggregate" name="test_update_invalid_stage" time="0.465" /><testcase classname="tests.test_campus_disbursements.TestUpdateAggregate" name="test_update_invalid_status" time="0.454" /><testcase classname="tests.test_campus_disbursements.TestRegionalScope" name="test_list_scoped_even_with_other_region" time="1.280" /><testcase classname="tests.test_campus_disbursements.TestRegionalScope" name="test_out_of_region_detail_404" time="0.264" /><testcase classname="tests.test_campus_disbursements.TestRegionalScope" name="test_regional_update_aggregate_forbidden" time="0.285" /><testcase classname="tests.test_campus_disbursements.TestRegionalScope" name="test_regional_transfer_proofs_alias_forbidden" time="0.125" /><testcase classname="tests.test_campus_disbursements.TestRegionalScope" name="test_regional_audit_scoped" time="0.233" /><testcase classname="tests.test_campus_disbursements.TestTransferProofsAlias" name="test_alias_bad_stage" time="0.149" /><testcase classname="tests.test_campus_disbursements.TestTransferProofsAlias" name="test_alias_bad_extension" time="0.154" /><testcase classname="tests.test_campus_disbursements.TestTransferProofsAlias" name="test_alias_bad_magic_bytes" time="0.150" /><testcase classname="tests.test_campus_disbursements.TestTransferProofsAlias" name="test_alias_empty_files" time="0.142" /><testcase classname="tests.test_campus_disbursements.TestCampusAudit" name="test_audit_ok" time="0.276" /><testcase classname="tests.test_campus_disbursements.TestCampusAudit" name="test_audit_unknown_campus_404" time="0.156" /><testcase classname="tests.test_campus_disbursements.TestStageFiltering" name="test_reviews_stage_1_ok" time="0.134" /><testcase classname="tests.test_campus_disbursements.TestStageFiltering" name="test_reviews_stage_2_ok" time="0.118" /><testcase classname="tests.test_campus_disbursements.TestStageFiltering" name="test_reviews_stage_3_rejected" time="0.118" /><testcase classname="tests.test_campus_disbursements.TestStageFiltering" name="test_reviews_no_stage_returns_all" time="0.121" /><testcase classname="tests.test_campus_disbursements.TestStageFiltering" name="test_audit_stage_1_ok" time="0.265" /><testcase classname="tests.test_campus_disbursements.TestStageFiltering" name="test_audit_stage_2_ok" time="0.350" /><testcase classname="tests.test_campus_disbursements.TestStageFiltering" name="test_audit_stage_3_rejected" time="0.273" /><testcase classname="tests.test_campus_disbursements.TestStageFiltering" name="test_stage_1_and_2_are_isolated" time="1.126" /><testcase classname="tests.test_campus_disbursements.TestStageFiltering" name="test_regional_reviews_forbidden_both_stages" time="0.379" /><testcase classname="tests.test_campuses" name="test_student_can_list_campuses_expects_377_unique" time="0.236" /><testcase classname="tests.test_campuses" name="test_admin_full_crud_cycle" time="0.333" /><testcase classname="tests.test_campuses" name="test_reimport_xlsx_is_idempotent_final_377" time="0.000"><skipped type="pytest.skip" message="/tmp/cms-masa-depan-jakarta.xlsx not present">/app/backend/tests/test_campuses.py:122: /tmp/cms-masa-depan-jakarta.xlsx not present</skipped></testcase><testcase classname="tests.test_campuses" name="test_admin_create_update_campus_with_bank_returns_masked" time="0.024" /><testcase classname="tests.test_campuses" name="test_admin_create_bank_requires_holder_when_number_given" time="0.003" /><testcase classname="tests.test_campuses" name="test_admin_create_bank_rejects_bad_length" time="0.003" /><testcase classname="tests.test_campuses" name="test_student_never_receives_bank_fields" time="0.009" /><testcase classname="tests.test_campuses" name="test_admin_sees_demo_masters_masked_only" time="0.012" /><testcase classname="tests.test_campuses" name="test_admin_wilayah_never_receives_bank_fields" time="0.693" /><testcase classname="tests.test_campuses" name="test_student_cannot_mutate_campuses" time="0.009" /><testcase classname="tests.test_transfer_proof_region.TestRegionValidationPreOCR" name="test_missing_region_400" time="0.484" /><testcase classname="tests.test_transfer_proof_region.TestRegionValidationPreOCR" name="test_empty_region_400" time="0.136" /><testcase classname="tests.test_transfer_proof_region.TestRegionValidationPreOCR" name="test_invalid_region_400" time="0.140" /><testcase classname="tests.test_transfer_proof_region.TestRegionValidationPreOCR" name="test_case_sensitive_region_rejected" time="0.161" /><testcase classname="tests.test_transfer_proof_region.TestRegionValidationPreOCR" name="test_valid_region_but_bad_extension_400" time="0.142" /><testcase classname="tests.test_transfer_proof_region.TestRegionValidationPreOCR" name="test_valid_region_bad_stage" time="0.134" /><testcase classname="tests.test_transfer_proof_region.TestRegionalUploadForbidden" name="test_regional_admin_forbidden_even_with_valid_region" time="1.245" /><testcase classname="tests.test_transfer_proof_region.TestAllSixRegionsAccepted" name="test_region_accepted_progresses_to_file_validation[Jakarta Pusat]" time="0.169" /><testcase classname="tests.test_transfer_proof_region.TestAllSixRegionsAccepted" name="test_region_accepted_progresses_to_file_validation[Jakarta Utara]" time="0.135" /><testcase classname="tests.test_transfer_proof_region.TestAllSixRegionsAccepted" name="test_region_accepted_progresses_to_file_validation[Jakarta Barat]" time="0.166" /><testcase classname="tests.test_transfer_proof_region.TestAllSixRegionsAccepted" name="test_region_accepted_progresses_to_file_validation[Jakarta Selatan]" time="0.146" /><testcase classname="tests.test_transfer_proof_region.TestAllSixRegionsAccepted" name="test_region_accepted_progresses_to_file_validation[Jakarta Timur]" time="0.171" /><testcase classname="tests.test_transfer_proof_region.TestAllSixRegionsAccepted" name="test_region_accepted_progresses_to_file_validation[Kepulauan Seribu]" time="0.326" /></testsuite></testsuites>