<?xml version="1.0" encoding="utf-8"?><testsuites name="pytest tests"><testsuite name="pytest" errors="0" failures="0" skipped="0" tests="19" time="16.732" timestamp="2026-09-22T01:22:32.916249+00:00" hostname="agent-env-21cf42e1-98ba-4205-8db0-5d568d0c6c7e"><testcase classname="tests.test_ai_rag_chat" name="test_list_references_forbids_admin" time="5.501" /><testcase classname="tests.test_ai_rag_chat" name="test_list_references_forbids_student" time="0.535" /><testcase classname="tests.test_ai_rag_chat" name="test_list_references_forbids_unauth" time="0.155" /><testcase classname="tests.test_ai_rag_chat" name="test_upload_reference_forbids_admin" time="0.214" /><testcase classname="tests.test_ai_rag_chat" name="test_upload_unsupported_extension" time="0.498" /><testcase classname="tests.test_ai_rag_chat" name="test_upload_empty_file" time="0.163" /><testcase classname="tests.test_ai_rag_chat" name="test_upload_valid_docx" time="0.364" /><testcase classname="tests.test_ai_rag_chat" name="test_list_references_hides_storage_path" time="0.426" /><testcase classname="tests.test_ai_rag_chat" name="test_student_messages_unauth" time="0.132" /><testcase classname="tests.test_ai_rag_chat" name="test_student_messages_admin_forbidden" time="0.156" /><testcase classname="tests.test_ai_rag_chat" name="test_student_stream_admin_forbidden" time="0.131" /><testcase classname="tests.test_ai_rag_chat" name="test_student_stream_unauth" time="0.160" /><testcase classname="tests.test_ai_rag_chat" name="test_rag_grounded_answer" time="4.908" /><testcase classname="tests.test_ai_rag_chat" name="test_rag_out_of_scope" time="1.199" /><testcase classname="tests.test_ai_rag_chat" name="test_student_messages_persisted" time="0.147" /><testcase classname="tests.test_ai_rag_chat" name="test_second_student_cannot_see_first_history" time="1.034" /><testcase classname="tests.test_ai_rag_chat" name="test_delete_reference_forbids_admin" time="0.126" /><testcase classname="tests.test_ai_rag_chat" name="test_delete_reference" time="0.267" /><testcase classname="tests.test_ai_rag_chat" name="test_zzz_cleanup" time="0.537" /></testsuite></testsuites>