<?xml version="1.0" encoding="utf-8"?><testsuites name="pytest tests"><testsuite name="pytest" errors="0" failures="1" skipped="0" tests="13" time="2.978" timestamp="2026-09-22T07:25:05.110283+00:00" hostname="agent-env-21cf42e1-98ba-4205-8db0-5d568d0c6c7e"><testcase classname="tests.test_pdf_jb_tahap1_batch.TestBatchPersistence" name="test_users_count_and_fields" time="0.007" /><testcase classname="tests.test_pdf_jb_tahap1_batch.TestBatchPersistence" name="test_registrations_count_and_status" time="0.002" /><testcase classname="tests.test_pdf_jb_tahap1_batch.TestBatchPersistence" name="test_profiles_all_jakarta_barat_and_blank_nim" time="0.002" /><testcase classname="tests.test_pdf_jb_tahap1_batch.TestBatchPersistence" name="test_campus_disbursements_stage_and_status" time="0.001" /><testcase classname="tests.test_pdf_jb_tahap1_batch.TestBatchPersistence" name="test_no_stage_two_for_batch" time="0.001" /><testcase classname="tests.test_pdf_jb_tahap1_batch.TestBatchPersistence" name="test_no_other_region_touched" time="0.001" /><testcase classname="tests.test_pdf_jb_tahap1_batch.TestBatchPersistence" name="test_demo_accounts_intact" time="0.001" /><testcase classname="tests.test_pdf_jb_tahap1_batch.TestSuperAdminAPI" name="test_list_campuses_jakarta_barat" time="0.675" /><testcase classname="tests.test_pdf_jb_tahap1_batch.TestSuperAdminAPI" name="test_every_stage_one_is_sudah_dicairkan" time="0.178"><failure message="AssertionError: 15 campuses NOT marked sudah_dicairkan (user requested ALL): [('IAI Al-Aqidah Al-Hasyimiyyah', 10, 'belum_diproses'), (&quot;Institut Ilmu Al - Qur'an (IIQ) Jakarta&quot;, 8, 'belum_diproses'), ('Institut Ilmu Sosial dan Ilmu Politik (IISIP)', 1, 'belum_diproses'), ('Politeknik Negeri Jakarta (PNJ)', 1, 'belum_diproses'), ('Politeknik Negeri Media Kreatif (Polimedia)', 1, 'belum_diproses')]&#10;assert not [('IAI Al-Aqidah Al-Hasyimiyyah', 10, 'belum_diproses'), (&quot;Institut Ilmu Al - Qur'an (IIQ) Jakarta&quot;, 8, 'belum_diproses'), ('Institut Ilmu Sosial dan Ilmu Politik (IISIP)', 1, 'belum_diproses'), ('Politeknik Negeri Jakarta (PNJ)', 1, 'belum_diproses'), ('Politeknik Negeri Media Kreatif (Polimedia)', 1, 'belum_diproses'), ('Sekolah Tinggi Agama Islam Indonesia (STAIINDO)', 3, 'belum_diproses'), ...]">backend/tests/test_pdf_jb_tahap1_batch.py:162: in test_every_stage_one_is_sudah_dicairkan
    assert not not_paid, (
E   AssertionError: 15 campuses NOT marked sudah_dicairkan (user requested ALL): [('IAI Al-Aqidah Al-Hasyimiyyah', 10, 'belum_diproses'), ("Institut Ilmu Al - Qur'an (IIQ) Jakarta", 8, 'belum_diproses'), ('Institut Ilmu Sosial dan Ilmu Politik (IISIP)', 1, 'belum_diproses'), ('Politeknik Negeri Jakarta (PNJ)', 1, 'belum_diproses'), ('Politeknik Negeri Media Kreatif (Polimedia)', 1, 'belum_diproses')]
E   assert not [('IAI Al-Aqidah Al-Hasyimiyyah', 10, 'belum_diproses'), ("Institut Ilmu Al - Qur'an (IIQ) Jakarta", 8, 'belum_diproses'), ('Institut Ilmu Sosial dan Ilmu Politik (IISIP)', 1, 'belum_diproses'), ('Politeknik Negeri Jakarta (PNJ)', 1, 'belum_diproses'), ('Politeknik Negeri Media Kreatif (Polimedia)', 1, 'belum_diproses'), ('Sekolah Tinggi Agama Islam Indonesia (STAIINDO)', 3, 'belum_diproses'), ...]</failure></testcase><testcase classname="tests.test_pdf_jb_tahap1_batch.TestSuperAdminAPI" name="test_stage_two_belum_diproses_for_all" time="0.162" /><testcase classname="tests.test_pdf_jb_tahap1_batch.TestSuperAdminAPI" name="test_students_have_blank_nim_via_campus_detail" time="0.813" /><testcase classname="tests.test_pdf_jb_tahap1_batch.TestAdminWilayahScope" name="test_admin_wilayah_sees_only_jakarta_barat" time="0.694" /><testcase classname="tests.test_pdf_jb_tahap1_batch.TestAdminWilayahScope" name="test_admin_wilayah_cannot_update_stage" time="0.290" /></testsuite></testsuites>