<?xml version="1.0" encoding="utf-8"?><testsuites name="pytest tests"><testsuite name="pytest" errors="0" failures="0" skipped="0" tests="6" time="3.419" timestamp="2026-09-22T06:22:42.328619+00:00" hostname="agent-env-21cf42e1-98ba-4205-8db0-5d568d0c6c7e"><testcase classname="tests.test_student_live_chat_audio" name="test_audio_webm_accepted" time="1.334" /><testcase classname="tests.test_student_live_chat_audio" name="test_audio_ogg_accepted" time="0.260" /><testcase classname="tests.test_student_live_chat_audio" name="test_audio_mp3_accepted" time="0.226" /><testcase classname="tests.test_student_live_chat_audio" name="test_unsupported_extension_rejected" time="0.116" /><testcase classname="tests.test_student_live_chat_audio" name="test_admin_can_download_student_audio" time="0.880" /><testcase classname="tests.test_student_live_chat_audio" name="test_zzz_cleanup" time="0.002" /></testsuite></testsuites>