<?xml version="1.0" encoding="utf-8"?><testsuites name="pytest tests"><testsuite name="pytest" errors="0" failures="0" skipped="0" tests="5" time="2.427" timestamp="2026-09-22T05:14:24.624625+00:00" hostname="agent-env-21cf42e1-98ba-4205-8db0-5d568d0c6c7e"><testcase classname="tests.test_legal_information" name="test_public_site_content_exposes_legal_information" time="0.274" /><testcase classname="tests.test_legal_information" name="test_non_super_admin_cannot_update_site_content" time="1.008" /><testcase classname="tests.test_legal_information" name="test_unauth_cannot_update_site_content" time="0.116" /><testcase classname="tests.test_legal_information" name="test_super_admin_can_update_and_persist_legal_information" time="0.269" /><testcase classname="tests.test_legal_information" name="test_restore_verification" time="0.340" /></testsuite></testsuites>