<?xml version="1.0" encoding="utf-8"?><testsuites name="pytest tests"><testsuite name="pytest" errors="0" failures="0" skipped="0" tests="5" time="3.563" timestamp="2026-09-15T04:50:06.680163+00:00" hostname="agent-env-21cf42e1-98ba-4205-8db0-5d568d0c6c7e"><testcase classname="tests.test_site_announcement_popup" name="test_put_site_content_forbidden_for_student" time="1.403" /><testcase classname="tests.test_site_announcement_popup" name="test_add_announcement_creates_notification_and_no_duplicate" time="0.546" /><testcase classname="tests.test_site_announcement_popup" name="test_mark_seen_updates_and_pending_becomes_null" time="0.260" /><testcase classname="tests.test_site_announcement_popup" name="test_mark_seen_wrong_id_returns_404" time="0.130" /><testcase classname="tests.test_site_announcement_popup" name="test_pending_isolation_across_users" time="1.077" /></testsuite></testsuites>