<?xml version="1.0" encoding="utf-8"?><testsuites name="pytest tests"><testsuite name="pytest" errors="0" failures="0" skipped="0" tests="5" time="1.968" timestamp="2026-09-15T02:52:35.568357+00:00" hostname="agent-env-21cf42e1-98ba-4205-8db0-5d568d0c6c7e"><testcase classname="tests.test_profile_name_sync" name="test_put_profile_with_name_updates_user_and_response_clean" time="0.546" /><testcase classname="tests.test_profile_name_sync" name="test_get_auth_me_reflects_updated_name" time="0.176" /><testcase classname="tests.test_profile_name_sync" name="test_fresh_login_shows_new_name" time="0.397" /><testcase classname="tests.test_profile_name_sync" name="test_put_profile_empty_name_does_not_overwrite_user" time="0.399" /><testcase classname="tests.test_profile_name_sync" name="test_cpm_id_preserved_after_profile_update" time="0.318" /></testsuite></testsuites>