<?xml version="1.0" encoding="utf-8"?><testsuites name="pytest tests"><testsuite name="pytest" errors="0" failures="0" skipped="0" tests="12" time="3.539" timestamp="2026-09-23T06:51:13.345428+00:00" hostname="agent-env-21cf42e1-98ba-4205-8db0-5d568d0c6c7e"><testcase classname="tests.test_news_categories" name="test_get_returns_news_categories" time="0.814" /><testcase classname="tests.test_news_categories" name="test_put_requires_auth" time="0.118" /><testcase classname="tests.test_news_categories" name="test_put_forbidden_for_student" time="0.453" /><testcase classname="tests.test_news_categories" name="test_reject_empty_list" time="0.119" /><testcase classname="tests.test_news_categories" name="test_reject_empty_item" time="0.121" /><testcase classname="tests.test_news_categories" name="test_reject_duplicate" time="0.123" /><testcase classname="tests.test_news_categories" name="test_reject_over_limit" time="0.111" /><testcase classname="tests.test_news_categories" name="test_reject_non_list" time="0.110" /><testcase classname="tests.test_news_categories" name="test_rename_updates_announcements" time="0.287" /><testcase classname="tests.test_news_categories" name="test_delete_maps_to_fallback" time="0.421" /><testcase classname="tests.test_news_categories" name="test_invalid_rename_target_ignored" time="0.228" /><testcase classname="tests.test_news_categories" name="test_rename_without_categories_rejected" time="0.311" /></testsuite></testsuites>