<?xml version="1.0" encoding="utf-8"?><testsuites name="pytest tests"><testsuite name="pytest" errors="0" failures="0" skipped="0" tests="3" time="8.920" timestamp="2026-09-22T04:38:03.953712+00:00" hostname="agent-env-21cf42e1-98ba-4205-8db0-5d568d0c6c7e"><testcase classname="tests.test_iter46_repeated_runs" name="test_syarat_three_runs" time="4.428" /><testcase classname="tests.test_iter46_repeated_runs" name="test_program_three_runs" time="3.983" /><testcase classname="tests.test_iter46_repeated_runs" name="test_unrelated_stays_out_of_scope" time="0.453" /></testsuite></testsuites>