<?xml version="1.0" encoding="utf-8"?><testsuites name="pytest tests"><testsuite name="pytest" errors="0" failures="9" skipped="0" tests="60" time="17.480" timestamp="2026-09-14T01:45:30.820240+00:00" hostname="agent-env-21cf42e1-98ba-4205-8db0-5d568d0c6c7e"><testcase classname="tests.test_campus_disbursements.TestStageFiltering" name="test_reviews_stage_1_ok" time="0.785" /><testcase classname="tests.test_active_letter_approvals.TestDecisionFlow" name="test_approve_factual_updates_registration" time="0.979"><failure message="AssertionError: {&quot;detail&quot;:[{&quot;type&quot;:&quot;missing&quot;,&quot;loc&quot;:[&quot;body&quot;,&quot;workflow&quot;],&quot;msg&quot;:&quot;Field required&quot;,&quot;input&quot;:{&quot;recommendation_ids&quot;:[&quot;2a405247-63f8-48af-bc0e-a01736adf4fb&quot;],&quot;action&quot;:&quot;approve&quot;},&quot;url&quot;:&quot;https://errors.pydantic.dev/2.13/v/missing&quot;}]}&#10;assert 422 == 200&#10; +  where 422 = &lt;Response [422]&gt;.status_code">tests/test_active_letter_approvals.py:293: in test_approve_factual_updates_registration
    assert r.status_code == 200, r.text
E   AssertionError: {"detail":[{"type":"missing","loc":["body","workflow"],"msg":"Field required","input":{"recommendation_ids":["2a405247-63f8-48af-bc0e-a01736adf4fb"],"action":"approve"},"url":"https://errors.pydantic.dev/2.13/v/missing"}]}
E   assert 422 == 200
E    +  where 422 = &lt;Response [422]&gt;.status_code</failure></testcase><testcase classname="tests.test_campus_disbursements.TestStageFiltering" name="test_reviews_stage_2_ok" time="0.192" /><testcase classname="tests.test_campus_disbursements.TestStageFiltering" name="test_reviews_stage_3_rejected" time="0.201" /><testcase classname="tests.test_active_letter_approvals.TestDecisionFlow" name="test_reject_factual_keeps_registration" time="0.207"><failure message="assert 422 == 200&#10; +  where 422 = &lt;Response [422]&gt;.status_code">tests/test_active_letter_approvals.py:313: in test_reject_factual_keeps_registration
    assert r.status_code == 200
E   assert 422 == 200
E    +  where 422 = &lt;Response [422]&gt;.status_code</failure></testcase><testcase classname="tests.test_campus_disbursements.TestStageFiltering" name="test_reviews_no_stage_returns_all" time="0.197" /><testcase classname="tests.test_active_letter_approvals.TestDecisionFlow" name="test_approve_stage_ii_writes_eligibility" time="0.185"><failure message="assert 422 == 200&#10; +  where 422 = &lt;Response [422]&gt;.status_code">tests/test_active_letter_approvals.py:329: in test_approve_stage_ii_writes_eligibility
    assert r.status_code == 200
E   assert 422 == 200
E    +  where 422 = &lt;Response [422]&gt;.status_code</failure></testcase><testcase classname="tests.test_campus_disbursements.TestStageFiltering" name="test_audit_stage_1_ok" time="0.410" /><testcase classname="tests.test_active_letter_approvals.TestDecisionFlow" name="test_reject_stage_ii_no_eligibility" time="0.185"><failure message="assert 422 == 200&#10; +  where 422 = &lt;Response [422]&gt;.status_code">tests/test_active_letter_approvals.py:346: in test_reject_stage_ii_no_eligibility
    assert r.status_code == 200
E   assert 422 == 200
E    +  where 422 = &lt;Response [422]&gt;.status_code</failure></testcase><testcase classname="tests.test_active_letter_approvals.TestDecisionFlow" name="test_bulk_apply_all_skips_quarantined" time="0.229"><failure message="assert 422 == 200&#10; +  where 422 = &lt;Response [422]&gt;.status_code">tests/test_active_letter_approvals.py:360: in test_bulk_apply_all_skips_quarantined
    assert r.status_code == 200
E   assert 422 == 200
E    +  where 422 = &lt;Response [422]&gt;.status_code</failure></testcase><testcase classname="tests.test_campus_disbursements.TestStageFiltering" name="test_audit_stage_2_ok" time="0.384" /><testcase classname="tests.test_active_letter_approvals.TestDecisionFlow" name="test_invalid_action_rejected" time="0.195"><failure message="assert 422 == 400&#10; +  where 422 = &lt;Response [422]&gt;.status_code">tests/test_active_letter_approvals.py:376: in test_invalid_action_rejected
    assert r.status_code == 400
E   assert 422 == 400
E    +  where 422 = &lt;Response [422]&gt;.status_code</failure></testcase><testcase classname="tests.test_active_letter_approvals.TestDecisionFlow" name="test_no_ids_and_not_apply_all_rejected" time="0.187"><failure message="assert 422 == 400&#10; +  where 422 = &lt;Response [422]&gt;.status_code">tests/test_active_letter_approvals.py:385: in test_no_ids_and_not_apply_all_rejected
    assert r.status_code == 400
E   assert 422 == 400
E    +  where 422 = &lt;Response [422]&gt;.status_code</failure></testcase><testcase classname="tests.test_campus_disbursements.TestStageFiltering" name="test_audit_stage_3_rejected" time="0.496" /><testcase classname="tests.test_active_letter_approvals.TestDecisionFlow" name="test_decision_no_matches_returns_404" time="0.268"><failure message="assert 422 == 404&#10; +  where 422 = &lt;Response [422]&gt;.status_code">tests/test_active_letter_approvals.py:394: in test_decision_no_matches_returns_404
    assert r.status_code == 404
E   assert 422 == 404
E    +  where 422 = &lt;Response [422]&gt;.status_code</failure></testcase><testcase classname="tests.test_campus_disbursements.TestStageFiltering" name="test_stage_1_and_2_are_isolated" time="1.746" /><testcase classname="tests.test_transfer_proof_region.TestRegionValidationPreOCR" name="test_missing_region_400" time="0.601" /><testcase classname="tests.test_transfer_proof_region.TestRegionValidationPreOCR" name="test_empty_region_400" time="0.292" /><testcase classname="tests.test_transfer_proof_region.TestRegionValidationPreOCR" name="test_invalid_region_400" time="0.237" /><testcase classname="tests.test_transfer_proof_region.TestRegionValidationPreOCR" name="test_case_sensitive_region_rejected" time="0.211" /><testcase classname="tests.test_transfer_proof_region.TestRegionValidationPreOCR" name="test_valid_region_but_bad_extension_400" time="0.239" /><testcase classname="tests.test_transfer_proof_region.TestRegionValidationPreOCR" name="test_valid_region_bad_stage" time="0.276" /><testcase classname="tests.test_active_letter_approvals.TestRoleGating" name="test_wilayah_forbidden_on_list" time="1.568" /><testcase classname="tests.test_campus_disbursements.TestStageFiltering" name="test_regional_reviews_forbidden_both_stages" time="2.286" /><testcase classname="tests.test_active_letter_approvals.TestRoleGating" name="test_wilayah_forbidden_on_upload" time="0.198" /><testcase classname="tests.test_active_letter_approvals.TestRoleGating" name="test_wilayah_forbidden_on_decision" time="0.153" /><testcase classname="tests.test_active_letter_approvals.TestRoleGating" name="test_admin_allowed_on_list" time="0.799" /><testcase classname="tests.test_transfer_proof_region.TestAllSixRegionsAccepted" name="test_region_accepted_progresses_to_file_validation[Jakarta Pusat]" time="0.577" /><testcase classname="tests.test_active_letter_approvals.TestRoleGating" name="test_super_allowed_on_list" time="0.212" /><testcase classname="tests.test_transfer_proof_region.TestAllSixRegionsAccepted" name="test_region_accepted_progresses_to_file_validation[Jakarta Utara]" time="0.466" /><testcase classname="tests.test_transfer_proof_region.TestAllSixRegionsAccepted" name="test_region_accepted_progresses_to_file_validation[Jakarta Barat]" time="0.181" /><testcase classname="tests.test_transfer_proof_region.TestAllSixRegionsAccepted" name="test_region_accepted_progresses_to_file_validation[Jakarta Selatan]" time="0.187" /><testcase classname="tests.test_transfer_proof_region.TestAllSixRegionsAccepted" name="test_region_accepted_progresses_to_file_validation[Jakarta Timur]" time="0.261" /><testcase classname="tests.test_transfer_proof_region.TestAllSixRegionsAccepted" name="test_region_accepted_progresses_to_file_validation[Kepulauan Seribu]" time="0.713" /><testcase classname="tests.test_campus_disbursements.TestRegionalScope" name="test_list_scoped_even_with_other_region" time="2.212" /><testcase classname="tests.test_campus_disbursements.TestTransferProofsAlias" name="test_alias_bad_stage" time="0.579" /><testcase classname="tests.test_campus_disbursements.TestTransferProofsAlias" name="test_alias_bad_extension" time="0.256" /><testcase classname="tests.test_campus_disbursements.TestTransferProofsAlias" name="test_alias_bad_magic_bytes" time="0.248" /><testcase classname="tests.test_campus_disbursements.TestRegionalScope" name="test_out_of_region_detail_404" time="0.904" /><testcase classname="tests.test_campus_disbursements.TestTransferProofsAlias" name="test_alias_empty_files" time="0.253" /><testcase classname="tests.test_campus_disbursements.TestRegionalScope" name="test_regional_update_aggregate_forbidden" time="0.403" /><testcase classname="tests.test_campus_disbursements.TestCampusList" name="test_prov_list_shape" time="0.389" /><testcase classname="tests.test_campus_disbursements.TestCampusList" name="test_prov_list_search_filter" time="0.414" /><testcase classname="tests.test_campus_disbursements.TestRegionalScope" name="test_regional_transfer_proofs_alias_forbidden" time="0.289" /><testcase classname="tests.test_campus_disbursements.TestRegionalScope" name="test_regional_audit_scoped" time="0.610" /><testcase classname="tests.test_campus_disbursements.TestUpdateAggregate" name="test_update_persists_and_reverts" time="1.622" /><testcase classname="tests.test_campus_disbursements.TestCampusList" name="test_student_forbidden" time="0.740" /><testcase classname="tests.test_active_letter_approvals.TestUploadValidation" name="test_invalid_workflow_rejected" time="0.710" /><testcase classname="tests.test_active_letter_approvals.TestUploadValidation" name="test_missing_file_rejected" time="0.219" /><testcase classname="tests.test_active_letter_approvals.TestDemoUMTData" name="test_eight_umt_demo_candidates_exist" time="0.001" /><testcase classname="tests.test_active_letter_approvals.TestDemoUMTData" name="test_umt_demo_profiles_valid" time="0.002" /><testcase classname="tests.test_campus_disbursements.TestCampusDetail" name="test_detail_structure" time="0.782" /><testcase classname="tests.test_campus_disbursements.TestUpdateAggregate" name="test_update_invalid_stage" time="0.592" /><testcase classname="tests.test_campus_disbursements.TestCampusDetail" name="test_detail_unknown_campus_404" time="0.185" /><testcase classname="tests.test_campus_disbursements.TestCampusAudit" name="test_audit_ok" time="0.434" /><testcase classname="tests.test_campus_disbursements.TestUpdateAggregate" name="test_update_invalid_status" time="0.997" /><testcase classname="tests.test_campus_disbursements.TestCampusAudit" name="test_audit_unknown_campus_404" time="0.196" /><testcase classname="tests.test_active_letter_approvals.TestListFilter" name="test_list_workflow_filter" time="0.615"><failure message="AssertionError: assert '16daf71f-3325-49e4-97bb-5999493cb606' in ['507a249a-f6a6-41d4-8d30-e6ca3cd23642', 'afc481af-a083-4df8-89af-dadede6a3593', '7d61f687-6f69-4530-a5ea-6ba15e827d47', '1c1b7737-d818-4816-a583-71a9700811d3', '05a0183a-5a1d-496f-9075-3f3f35b5dd38', 'ad38e0a7-2c8c-495b-b531-834820a08898', ...]">tests/test_active_letter_approvals.py:415: in test_list_workflow_filter
    assert rid_f in ids
E   AssertionError: assert '16daf71f-3325-49e4-97bb-5999493cb606' in ['507a249a-f6a6-41d4-8d30-e6ca3cd23642', 'afc481af-a083-4df8-89af-dadede6a3593', '7d61f687-6f69-4530-a5ea-6ba15e827d47', '1c1b7737-d818-4816-a583-71a9700811d3', '05a0183a-5a1d-496f-9075-3f3f35b5dd38', 'ad38e0a7-2c8c-495b-b531-834820a08898', ...]</failure></testcase><testcase classname="tests.test_active_letter_approvals.TestCandidateIndex" name="test_factual_index_includes_wawancara" time="0.005" /><testcase classname="tests.test_transfer_proof_region.TestRegionalUploadForbidden" name="test_regional_admin_forbidden_even_with_valid_region" time="1.742" /></testsuite></testsuites>