<?xml version="1.0" encoding="utf-8"?><testsuites name="pytest tests"><testsuite name="pytest" errors="0" failures="0" skipped="0" tests="19" time="3.071" timestamp="2026-09-13T19:05:16.569827+00:00" hostname="agent-env-21cf42e1-98ba-4205-8db0-5d568d0c6c7e"><testcase classname="tests.test_transfer_financials.TestFinancialFieldsExposure" name="test_list_stages_have_financial_fields" time="0.533" /><testcase classname="tests.test_transfer_financials.TestFinancialFieldsExposure" name="test_detail_region_stages_have_financial_fields" time="0.289" /><testcase classname="tests.test_transfer_financials.TestParseTransferAmount" name="test_parse[Rp3.000.000-3000000]" time="0.001" /><testcase classname="tests.test_transfer_financials.TestParseTransferAmount" name="test_parse[3.000.000,00-3000000]" time="0.000" /><testcase classname="tests.test_transfer_financials.TestParseTransferAmount" name="test_parse[3,000,000-3000000]" time="0.000" /><testcase classname="tests.test_transfer_financials.TestParseTransferAmount" name="test_parse[3000000-3000000_0]" time="0.000" /><testcase classname="tests.test_transfer_financials.TestParseTransferAmount" name="test_parse[3000000-3000000_1]" time="0.000" /><testcase classname="tests.test_transfer_financials.TestParseTransferAmount" name="test_parse[3000000.0-3000000]" time="0.000" /><testcase classname="tests.test_transfer_financials.TestParseTransferAmount" name="test_parse[-None]" time="0.000" /><testcase classname="tests.test_transfer_financials.TestParseTransferAmount" name="test_parse[None-None]" time="0.000" /><testcase classname="tests.test_transfer_financials.TestParseTransferAmount" name="test_parse[Rp 3.000.101-3000101]" time="0.000" /><testcase classname="tests.test_transfer_financials.TestRefreshFinancials" name="test_exact_amount_is_sesuai_1_student" time="0.009" /><testcase classname="tests.test_transfer_financials.TestRefreshFinancials" name="test_unique_code_plus_101_is_sesuai" time="0.006" /><testcase classname="tests.test_transfer_financials.TestRefreshFinancials" name="test_shortage_kurang_zero_paid" time="0.006" /><testcase classname="tests.test_transfer_financials.TestRefreshFinancials" name="test_excess_plus_102_is_lebih" time="0.006" /><testcase classname="tests.test_transfer_financials.TestRefreshFinancials" name="test_multiple_transactions_summed" time="0.005" /><testcase classname="tests.test_transfer_financials.TestRefreshFinancials" name="test_paid_count_capped_by_recipient_count" time="0.006" /><testcase classname="tests.test_transfer_financials.TestRefreshFinancials" name="test_no_transactions_belum_ada_transfer" time="0.006" /><testcase classname="tests.test_transfer_financials.TestDemoInvariants" name="test_demo_tf_campuses_preserved" time="0.173" /></testsuite></testsuites>