<?xml version="1.0" encoding="utf-8"?><testsuites name="pytest tests"><testsuite name="pytest" errors="0" failures="0" skipped="2" tests="8" time="4.965" timestamp="2026-09-15T04:35:05.736293+00:00" hostname="agent-env-21cf42e1-98ba-4205-8db0-5d568d0c6c7e"><testcase classname="tests.test_selection_announcement_backfill.TestBackfillAllCampaign" name="test_late_passed_gets_notif_and_flag_and_idempotent" time="1.244" /><testcase classname="tests.test_selection_announcement_backfill.TestBackfillAllCampaign" name="test_late_failed_gets_failed_result" time="0.704" /><testcase classname="tests.test_selection_announcement_backfill.TestCategoryIsolation" name="test_category_specific_campaign_only_backfills_matching" time="1.395" /><testcase classname="tests.test_selection_announcement_backfill.TestNonEligibleCases" name="test_already_published_flag_skips_backfill" time="0.749" /><testcase classname="tests.test_selection_announcement_backfill.TestNonEligibleCases" name="test_non_final_status_skips_backfill" time="0.724" /><testcase classname="tests.test_selection_announcement_backfill.TestNonEligibleCases" name="test_no_published_campaign_no_backfill" time="0.002"><skipped type="pytest.skip" message="Real Published 'all' campaign exists; test invariant not applicable">/app/backend/tests/test_selection_announcement_backfill.py:273: Real Published 'all' campaign exists; test invariant not applicable</skipped></testcase><testcase classname="tests.test_selection_announcement_backfill.TestProtectedDataUntouched" name="test_real_campaign_still_published" time="0.001" /><testcase classname="tests.test_selection_announcement_backfill.TestProtectedDataUntouched" name="test_real_student_registration_untouched" time="0.001"><skipped type="pytest.skip" message="Real student CPM-MDJ/2026/000062 not present in this env">/app/backend/tests/test_selection_announcement_backfill.py:310: Real student CPM-MDJ/2026/000062 not present in this env</skipped></testcase></testsuite></testsuites>