<?xml version="1.0" encoding="utf-8"?><testsuites name="pytest tests"><testsuite name="pytest" errors="0" failures="0" skipped="0" tests="14" time="10.889" timestamp="2026-09-23T08:25:24.839408+00:00" hostname="agent-env-21cf42e1-98ba-4205-8db0-5d568d0c6c7e"><testcase classname="tests.test_registration_flow_cms" name="test_non_super_admin_cannot_update_registration_flow" time="2.592" /><testcase classname="tests.test_registration_flow_cms" name="test_unauthenticated_cannot_update" time="0.368" /><testcase classname="tests.test_registration_flow_cms" name="test_put_empty_list_is_allowed_and_persisted" time="1.305" /><testcase classname="tests.test_registration_flow_cms" name="test_put_new_titles_and_descriptions" time="0.671" /><testcase classname="tests.test_registration_flow_cms" name="test_put_reorder_stages" time="0.733" /><testcase classname="tests.test_registration_flow_cms" name="test_put_edit_title_and_desc" time="0.646" /><testcase classname="tests.test_registration_flow_cms" name="test_put_30_stages_boundary_allowed" time="0.702" /><testcase classname="tests.test_registration_flow_cms" name="test_reject_empty_title" time="0.417" /><testcase classname="tests.test_registration_flow_cms" name="test_reject_duplicate_title_case_insensitive" time="0.413" /><testcase classname="tests.test_registration_flow_cms" name="test_reject_title_over_120_chars" time="0.668" /><testcase classname="tests.test_registration_flow_cms" name="test_reject_description_over_800_chars" time="0.779" /><testcase classname="tests.test_registration_flow_cms" name="test_reject_non_dict_item" time="0.313" /><testcase classname="tests.test_registration_flow_cms" name="test_reject_more_than_30_stages" time="0.688" /><testcase classname="tests.test_registration_flow_cms" name="test_reject_non_list_registration_flow" time="0.516" /></testsuite></testsuites>