<?xml version="1.0" encoding="utf-8"?><testsuites name="pytest tests"><testsuite name="pytest" errors="0" failures="3" skipped="0" tests="11" time="5.905" timestamp="2026-09-14T23:42:44.217170+00:00" hostname="agent-env-21cf42e1-98ba-4205-8db0-5d568d0c6c7e"><testcase classname="tests.test_selection_announcement_broadcast.TestRoleGuards" name="test_summary_admin_ok" time="1.528" /><testcase classname="tests.test_selection_announcement_broadcast.TestRoleGuards" name="test_summary_super_ok" time="0.159" /><testcase classname="tests.test_selection_announcement_broadcast.TestRoleGuards" name="test_summary_student_forbidden" time="0.142" /><testcase classname="tests.test_selection_announcement_broadcast.TestBroadcastLifecycle" name="test_summary_for_unique_category" time="1.912" /><testcase classname="tests.test_selection_announcement_broadcast.TestRoleGuards" name="test_publish_student_forbidden" time="0.153" /><testcase classname="tests.test_selection_announcement_broadcast.TestBroadcastLifecycle" name="test_publish_returns_published" time="0.177" /><testcase classname="tests.test_selection_announcement_broadcast.TestRoleGuards" name="test_admin_wilayah_forbidden" time="1.016"><failure message="AssertionError: {&quot;detail&quot;:&quot;Invalid or expired session&quot;}&#10;assert 401 == 403&#10; +  where 401 = &lt;Response [401]&gt;.status_code">backend/tests/test_selection_announcement_broadcast.py:142: in test_admin_wilayah_forbidden
    assert r1.status_code == 403, r1.text
E   AssertionError: {"detail":"Invalid or expired session"}
E   assert 401 == 403
E    +  where 401 = &lt;Response [401]&gt;.status_code</failure></testcase><testcase classname="tests.test_selection_announcement_broadcast.TestBroadcastLifecycle" name="test_republish_same_category_returns_400" time="0.174" /><testcase classname="tests.test_selection_announcement_broadcast.TestBroadcastLifecycle" name="test_summary_after_publish_shows_latest" time="0.174" /><testcase classname="tests.test_selection_announcement_broadcast.TestStudentPopupEndpoints" name="test_pending_returns_only_own" time="1.154"><failure message="assert None is not None">backend/tests/test_selection_announcement_broadcast.py:231: in test_pending_returns_only_own
    assert ann is not None
E   assert None is not None</failure></testcase><testcase classname="tests.test_selection_announcement_broadcast.TestStudentPopupEndpoints" name="test_seen_wrong_user_returns_404" time="0.934"><failure message="TypeError: 'NoneType' object is not subscriptable">backend/tests/test_selection_announcement_broadcast.py:278: in test_seen_wrong_user_returns_404
    fail_notif_id = r.json()["announcement"]["id"]
                    ^^^^^^^^^^^^^^^^^^^^^^^^^^^^^^
E   TypeError: 'NoneType' object is not subscriptable</failure></testcase></testsuite></testsuites>