<?xml version="1.0" encoding="utf-8"?><testsuites name="pytest tests"><testsuite name="pytest" errors="0" failures="1" skipped="0" tests="10" time="25.075" timestamp="2026-09-22T04:29:56.882898+00:00" hostname="agent-env-21cf42e1-98ba-4205-8db0-5d568d0c6c7e"><testcase classname="tests.test_student_ai_chat_syarat_program" name="test_references_intact" time="0.503" /><testcase classname="tests.test_student_ai_chat_syarat_program" name="test_reference_tokens_expansion_unit" time="2.042" /><testcase classname="tests.test_student_ai_chat_syarat_program" name="test_stream_forbids_admin" time="0.460" /><testcase classname="tests.test_student_ai_chat_syarat_program" name="test_stream_forbids_unauth" time="0.137" /><testcase classname="tests.test_student_ai_chat_syarat_program" name="test_syarat_query_grounded" time="11.531"><failure message="AssertionError: Got exact out-of-scope fallback despite matching references. Sources=['KEBIJAKAN PRIVASI.pdf', 'SYARAT DAN KETENTUAN (TERMS &amp; CONDITIONS).pdf']&#10;assert 'Maaf, pertanyaan tersebut berada di luar cakupan referensi dokumen yang tersedia.' != 'Maaf, pertanyaan tersebut berada di luar cakupan referensi dokumen yang tersedia.'&#10; +  where 'Maaf, pertanyaan tersebut berada di luar cakupan referensi dokumen yang tersedia.' = &lt;built-in method strip of str object at 0xf9a36088b360&gt;()&#10; +    where &lt;built-in method strip of str object at 0xf9a36088b360&gt; = 'Maaf, pertanyaan tersebut berada di luar cakupan referensi dokumen yang tersedia.'.strip">backend/tests/test_student_ai_chat_syarat_program.py:163: in test_syarat_query_grounded
    assert answer.strip() != OUT_OF_SCOPE, (
E   AssertionError: Got exact out-of-scope fallback despite matching references. Sources=['KEBIJAKAN PRIVASI.pdf', 'SYARAT DAN KETENTUAN (TERMS &amp; CONDITIONS).pdf']
E   assert 'Maaf, pertanyaan tersebut berada di luar cakupan referensi dokumen yang tersedia.' != 'Maaf, pertanyaan tersebut berada di luar cakupan referensi dokumen yang tersedia.'
E    +  where 'Maaf, pertanyaan tersebut berada di luar cakupan referensi dokumen yang tersedia.' = &lt;built-in method strip of str object at 0xf9a36088b360&gt;()
E    +    where &lt;built-in method strip of str object at 0xf9a36088b360&gt; = 'Maaf, pertanyaan tersebut berada di luar cakupan referensi dokumen yang tersedia.'.strip</failure></testcase><testcase classname="tests.test_student_ai_chat_syarat_program" name="test_program_query_grounded" time="4.217" /><testcase classname="tests.test_student_ai_chat_syarat_program" name="test_weather_out_of_scope" time="5.133" /><testcase classname="tests.test_student_ai_chat_syarat_program" name="test_messages_persisted" time="0.177" /><testcase classname="tests.test_student_ai_chat_syarat_program" name="test_messages_admin_forbidden" time="0.117" /><testcase classname="tests.test_student_ai_chat_syarat_program" name="test_zzz_cleanup_test_messages_only" time="0.613" /></testsuite></testsuites>