<?xml version="1.0" encoding="utf-8"?><testsuites name="pytest tests"><testsuite name="pytest" errors="0" failures="0" skipped="0" tests="11" time="8.290" timestamp="2026-09-14T23:45:30.780565+00:00" hostname="agent-env-21cf42e1-98ba-4205-8db0-5d568d0c6c7e"><testcase classname="tests.test_selection_announcement_broadcast.TestRoleGuards" name="test_summary_admin_ok@selection_announcement_broadcast" time="1.289" /><testcase classname="tests.test_selection_announcement_broadcast.TestRoleGuards" name="test_summary_super_ok@selection_announcement_broadcast" time="0.293" /><testcase classname="tests.test_selection_announcement_broadcast.TestRoleGuards" name="test_summary_student_forbidden@selection_announcement_broadcast" time="0.150" /><testcase classname="tests.test_selection_announcement_broadcast.TestRoleGuards" name="test_publish_student_forbidden@selection_announcement_broadcast" time="0.127" /><testcase classname="tests.test_selection_announcement_broadcast.TestRoleGuards" name="test_admin_wilayah_forbidden@selection_announcement_broadcast" time="1.605" /><testcase classname="tests.test_selection_announcement_broadcast.TestBroadcastLifecycle" name="test_summary_for_unique_category@selection_announcement_broadcast" time="0.364" /><testcase classname="tests.test_selection_announcement_broadcast.TestBroadcastLifecycle" name="test_publish_returns_published@selection_announcement_broadcast" time="0.153" /><testcase classname="tests.test_selection_announcement_broadcast.TestBroadcastLifecycle" name="test_republish_same_category_returns_400@selection_announcement_broadcast" time="0.197" /><testcase classname="tests.test_selection_announcement_broadcast.TestBroadcastLifecycle" name="test_summary_after_publish_shows_latest@selection_announcement_broadcast" time="0.154" /><testcase classname="tests.test_selection_announcement_broadcast.TestStudentPopupEndpoints" name="test_pending_returns_only_own@selection_announcement_broadcast" time="1.953" /><testcase classname="tests.test_selection_announcement_broadcast.TestStudentPopupEndpoints" name="test_seen_wrong_user_returns_404@selection_announcement_broadcast" time="1.089" /></testsuite></testsuites>