<?xml version="1.0" encoding="utf-8"?><testsuites name="pytest tests"><testsuite name="pytest" errors="0" failures="0" skipped="0" tests="13" time="4.852" timestamp="2026-09-21T10:17:02.744752+00:00" hostname="agent-env-21cf42e1-98ba-4205-8db0-5d568d0c6c7e"><testcase classname="tests.test_applicant_archive" name="test_summary_forbidden_admin_prov" time="0.626" /><testcase classname="tests.test_applicant_archive" name="test_summary_forbidden_student" time="0.475" /><testcase classname="tests.test_applicant_archive" name="test_summary_unauth" time="0.138" /><testcase classname="tests.test_applicant_archive" name="test_archive_all_forbidden_admin_prov" time="0.153" /><testcase classname="tests.test_applicant_archive" name="test_archive_all_forbidden_student" time="0.137" /><testcase classname="tests.test_applicant_archive" name="test_restore_forbidden_admin_prov" time="0.131" /><testcase classname="tests.test_applicant_archive" name="test_summary_success_super" time="0.461" /><testcase classname="tests.test_applicant_archive" name="test_archived_user_cannot_login" time="0.634" /><testcase classname="tests.test_applicant_archive" name="test_archived_user_auth_me_blocked" time="0.361" /><testcase classname="tests.test_applicant_archive" name="test_restore_batch_super_admin" time="0.691" /><testcase classname="tests.test_applicant_archive" name="test_restore_invalid_batch" time="0.114" /><testcase classname="tests.test_applicant_archive" name="test_admin_participants_excludes_archived" time="0.440" /><testcase classname="tests.test_applicant_archive" name="test_summary_reflects_archived_fixture" time="0.364" /></testsuite></testsuites>