<?xml version="1.0" encoding="utf-8"?><testsuites name="pytest tests"><testsuite name="pytest" errors="0" failures="0" skipped="0" tests="6" time="4.992" timestamp="2026-09-23T07:12:29.727621+00:00" hostname="agent-env-21cf42e1-98ba-4205-8db0-5d568d0c6c7e"><testcase classname="tests.test_site_announcement_popups.TestPopupValidation" name="test_reject_multiple_student_popups" time="0.616" /><testcase classname="tests.test_site_announcement_popups.TestPopupValidation" name="test_reject_multiple_landing_popups" time="0.177" /><testcase classname="tests.test_site_announcement_popups.TestPopupValidation" name="test_accept_one_each" time="0.176" /><testcase classname="tests.test_site_announcement_popups.TestStudentPendingEndpoint" name="test_pending_null_when_no_student_popup" time="1.120" /><testcase classname="tests.test_site_announcement_popups.TestStudentPendingEndpoint" name="test_pending_returns_only_active_popup" time="2.103" /><testcase classname="tests.test_site_announcement_popups.TestStudentPendingEndpoint" name="test_regular_announcement_does_not_trigger_popup" time="0.749" /></testsuite></testsuites>