<?xml version="1.0" encoding="utf-8"?><testsuites name="pytest tests"><testsuite name="pytest" errors="0" failures="0" skipped="0" tests="13" time="6.274" timestamp="2026-09-15T00:33:02.807854+00:00" hostname="agent-env-21cf42e1-98ba-4205-8db0-5d568d0c6c7e"><testcase classname="tests.test_pakta_integritas" name="test_submit_without_pakta_agreed_returns_400" time="1.286" /><testcase classname="tests.test_pakta_integritas" name="test_submit_missing_prereqs_returns_400_with_lists" time="0.541" /><testcase classname="tests.test_pakta_integritas" name="test_complete_submit_persists_pakta_fields" time="0.506" /><testcase classname="tests.test_pakta_integritas" name="test_upload_document_blocked_after_submit" time="0.182" /><testcase classname="tests.test_pakta_integritas" name="test_delete_document_blocked_after_submit" time="0.154" /><testcase classname="tests.test_pakta_integritas" name="test_extract_endpoints_blocked_after_submit[/api/profile/extract-ktp]" time="0.140" /><testcase classname="tests.test_pakta_integritas" name="test_extract_endpoints_blocked_after_submit[/api/profile/extract-kk]" time="0.154" /><testcase classname="tests.test_pakta_integritas" name="test_extract_endpoints_blocked_after_submit[/api/profile/extract-ktm]" time="0.151" /><testcase classname="tests.test_pakta_integritas" name="test_extract_endpoints_blocked_after_submit[/api/profile/extract-academic-record]" time="0.147" /><testcase classname="tests.test_pakta_integritas" name="test_admin_can_grant_and_revoke_permission" time="1.099" /><testcase classname="tests.test_pakta_integritas" name="test_student_cannot_grant_permission" time="0.549" /><testcase classname="tests.test_pakta_integritas" name="test_admin_wilayah_cannot_grant_permission" time="0.832" /><testcase classname="tests.test_pakta_integritas" name="test_zzz_registration_open_restored" time="0.397" /></testsuite></testsuites>