<?xml version="1.0" encoding="utf-8"?><testsuites name="pytest tests"><testsuite name="pytest" errors="0" failures="0" skipped="0" tests="10" time="4.956" timestamp="2026-09-22T04:37:28.988248+00:00" hostname="agent-env-21cf42e1-98ba-4205-8db0-5d568d0c6c7e"><testcase classname="tests.test_student_ai_chat_syarat_program" name="test_references_intact" time="0.520" /><testcase classname="tests.test_student_ai_chat_syarat_program" name="test_reference_tokens_expansion_unit" time="1.838" /><testcase classname="tests.test_student_ai_chat_syarat_program" name="test_stream_forbids_admin" time="0.468" /><testcase classname="tests.test_student_ai_chat_syarat_program" name="test_stream_forbids_unauth" time="0.147" /><testcase classname="tests.test_student_ai_chat_syarat_program" name="test_syarat_query_grounded" time="0.670" /><testcase classname="tests.test_student_ai_chat_syarat_program" name="test_program_query_grounded" time="0.227" /><testcase classname="tests.test_student_ai_chat_syarat_program" name="test_weather_out_of_scope" time="0.123" /><testcase classname="tests.test_student_ai_chat_syarat_program" name="test_messages_persisted" time="0.115" /><testcase classname="tests.test_student_ai_chat_syarat_program" name="test_messages_admin_forbidden" time="0.117" /><testcase classname="tests.test_student_ai_chat_syarat_program" name="test_zzz_cleanup_test_messages_only" time="0.666" /></testsuite></testsuites>