<?xml version="1.0" encoding="utf-8"?><testsuites name="pytest tests"><testsuite name="pytest" errors="0" failures="0" skipped="0" tests="7" time="3.293" timestamp="2026-09-22T05:03:55.935273+00:00" hostname="agent-env-21cf42e1-98ba-4205-8db0-5d568d0c6c7e"><testcase classname="tests.test_site_announcement_attachments" name="test_upload_requires_auth" time="0.322" /><testcase classname="tests.test_site_announcement_attachments" name="test_upload_forbidden_for_student" time="0.457" /><testcase classname="tests.test_site_announcement_attachments" name="test_upload_rejects_unsupported_extension" time="0.475" /><testcase classname="tests.test_site_announcement_attachments" name="test_upload_png_and_public_fetch" time="0.595" /><testcase classname="tests.test_site_announcement_attachments" name="test_upload_pdf_and_public_fetch" time="0.621" /><testcase classname="tests.test_site_announcement_attachments" name="test_public_fetch_404_when_missing" time="0.134" /><testcase classname="tests.test_site_announcement_attachments" name="test_site_content_announcement_lifecycle" time="0.614" /></testsuite></testsuites>