<?xml version="1.0" encoding="utf-8"?><testsuites name="pytest tests"><testsuite name="pytest" errors="0" failures="0" skipped="0" tests="19" time="4.095" timestamp="2026-09-13T19:20:49.890844+00:00" hostname="agent-env-21cf42e1-98ba-4205-8db0-5d568d0c6c7e"><testcase classname="tests.test_active_letter_approvals.TestRoleGating" name="test_wilayah_forbidden_on_list" time="1.419" /><testcase classname="tests.test_active_letter_approvals.TestRoleGating" name="test_wilayah_forbidden_on_upload" time="0.176" /><testcase classname="tests.test_active_letter_approvals.TestRoleGating" name="test_wilayah_forbidden_on_decision" time="0.113" /><testcase classname="tests.test_active_letter_approvals.TestRoleGating" name="test_admin_allowed_on_list" time="0.552" /><testcase classname="tests.test_active_letter_approvals.TestRoleGating" name="test_super_allowed_on_list" time="0.134" /><testcase classname="tests.test_active_letter_approvals.TestUploadValidation" name="test_invalid_workflow_rejected" time="0.155" /><testcase classname="tests.test_active_letter_approvals.TestUploadValidation" name="test_missing_file_rejected" time="0.108" /><testcase classname="tests.test_active_letter_approvals.TestDemoUMTData" name="test_eight_umt_demo_candidates_exist" time="0.001" /><testcase classname="tests.test_active_letter_approvals.TestDemoUMTData" name="test_umt_demo_profiles_valid" time="0.001" /><testcase classname="tests.test_active_letter_approvals.TestCandidateIndex" name="test_factual_index_includes_wawancara" time="0.002" /><testcase classname="tests.test_active_letter_approvals.TestDecisionFlow" name="test_approve_factual_updates_registration" time="0.152" /><testcase classname="tests.test_active_letter_approvals.TestDecisionFlow" name="test_reject_factual_keeps_registration" time="0.129" /><testcase classname="tests.test_active_letter_approvals.TestDecisionFlow" name="test_approve_stage_ii_writes_eligibility" time="0.142" /><testcase classname="tests.test_active_letter_approvals.TestDecisionFlow" name="test_reject_stage_ii_no_eligibility" time="0.141" /><testcase classname="tests.test_active_letter_approvals.TestDecisionFlow" name="test_bulk_apply_all_skips_quarantined" time="0.174" /><testcase classname="tests.test_active_letter_approvals.TestDecisionFlow" name="test_invalid_action_rejected" time="0.138" /><testcase classname="tests.test_active_letter_approvals.TestDecisionFlow" name="test_no_ids_and_not_apply_all_rejected" time="0.111" /><testcase classname="tests.test_active_letter_approvals.TestDecisionFlow" name="test_decision_no_matches_returns_404" time="0.148" /><testcase classname="tests.test_active_letter_approvals.TestListFilter" name="test_list_workflow_filter" time="0.151" /></testsuite></testsuites>