<?xml version="1.0" encoding="utf-8"?><testsuites name="pytest tests"><testsuite name="pytest" errors="0" failures="0" skipped="0" tests="5" time="2.890" timestamp="2026-09-15T00:54:19.028532+00:00" hostname="agent-env-21cf42e1-98ba-4205-8db0-5d568d0c6c7e"><testcase classname="tests.test_google_register.TestGoogleSessionInvalid" name="test_invalid_session_returns_401" time="0.321" /><testcase classname="tests.test_google_register.TestGoogleSessionInvalid" name="test_missing_session_id_rejected" time="0.136" /><testcase classname="tests.test_google_register.TestGoogleSessionMocked" name="test_new_google_email_creates_student_user" time="1.977" /><testcase classname="tests.test_google_register.TestGoogleSessionMocked" name="test_provider_failure_returns_401" time="0.001" /><testcase classname="tests.test_google_register.TestLoginNoRegression" name="test_admin_login_works" time="0.398" /></testsuite></testsuites>