<?xml version="1.0" encoding="utf-8"?><testsuites name="pytest tests"><testsuite name="pytest" errors="0" failures="0" skipped="0" tests="16" time="6.246" timestamp="2026-09-23T15:25:33.409220+00:00" hostname="agent-env-21cf42e1-98ba-4205-8db0-5d568d0c6c7e"><testcase classname="tests.test_manual_participants_and_deletion.TestRBAC" name="test_manual_endpoint_requires_super_admin_student" time="0.642" /><testcase classname="tests.test_manual_participants_and_deletion.TestRBAC" name="test_delete_preview_forbidden_admin" time="0.587" /><testcase classname="tests.test_manual_participants_and_deletion.TestRBAC" name="test_delete_forbidden_admin" time="0.162" /><testcase classname="tests.test_manual_participants_and_deletion.TestManualValidation" name="test_reject_bad_nik" time="0.633" /><testcase classname="tests.test_manual_participants_and_deletion.TestManualValidation" name="test_reject_bad_email" time="0.184" /><testcase classname="tests.test_manual_participants_and_deletion.TestManualValidation" name="test_reject_bad_phone" time="0.135" /><testcase classname="tests.test_manual_participants_and_deletion.TestManualCreate" name="test_create_first_participant_creates_campus" time="0.378" /><testcase classname="tests.test_manual_participants_and_deletion.TestManualCreate" name="test_create_second_participant_same_campus" time="0.414" /><testcase classname="tests.test_manual_participants_and_deletion.TestManualCreate" name="test_reject_duplicate_email" time="0.172" /><testcase classname="tests.test_manual_participants_and_deletion.TestPreview" name="test_preview_single" time="0.953" /><testcase classname="tests.test_manual_participants_and_deletion.TestPreview" name="test_preview_campus" time="0.509" /><testcase classname="tests.test_manual_participants_and_deletion.TestPreview" name="test_preview_all_only_counts_no_delete" time="0.154" /><testcase classname="tests.test_manual_participants_and_deletion.TestDeleteGuard" name="test_delete_without_confirmed_rejected" time="0.167" /><testcase classname="tests.test_manual_participants_and_deletion.TestPermanentDelete" name="test_delete_single_participant" time="0.206" /><testcase classname="tests.test_manual_participants_and_deletion.TestPermanentDelete" name="test_delete_by_campus_removes_remaining" time="0.263" /><testcase classname="tests.test_manual_participants_and_deletion.TestPermanentDelete" name="test_delete_no_targets_returns_404" time="0.542" /></testsuite></testsuites>