<?xml version="1.0" encoding="utf-8"?><testsuites name="pytest tests"><testsuite name="pytest" errors="0" failures="0" skipped="0" tests="5" time="3.388" timestamp="2026-09-23T16:06:38.888985+00:00" hostname="agent-env-21cf42e1-98ba-4205-8db0-5d568d0c6c7e"><testcase classname="tests.test_footer_contact_cms" name="test_get_site_content_returns_footer_shape" time="0.756" /><testcase classname="tests.test_footer_contact_cms" name="test_put_footer_adds_extra_social_and_contact_and_persists" time="0.329" /><testcase classname="tests.test_footer_contact_cms" name="test_put_footer_rejects_javascript_scheme_social" time="1.413" /><testcase classname="tests.test_footer_contact_cms" name="test_put_footer_rejects_javascript_scheme_contact_url" time="0.336" /><testcase classname="tests.test_footer_contact_cms" name="test_contact_allows_mailto_and_tel" time="0.491" /></testsuite></testsuites>