<?xml version="1.0" encoding="utf-8"?><testsuites name="pytest tests"><testsuite name="pytest" errors="0" failures="0" skipped="0" tests="5" time="0.761" timestamp="2026-09-22T03:27:18.230170+00:00" hostname="agent-env-21cf42e1-98ba-4205-8db0-5d568d0c6c7e"><testcase classname="tests.test_site_content_syarat" name="test_public_get_site_content_lists_counts" time="0.005" /><testcase classname="tests.test_site_content_syarat" name="test_put_site_content_unauth_forbidden" time="0.002" /><testcase classname="tests.test_site_content_syarat" name="test_put_site_content_student_forbidden" time="0.227" /><testcase classname="tests.test_site_content_syarat" name="test_put_site_content_admin_forbidden" time="0.233" /><testcase classname="tests.test_site_content_syarat" name="test_super_admin_edit_add_and_restore" time="0.237" /></testsuite></testsuites>