<?xml version="1.0" encoding="utf-8"?><testsuites name="pytest tests"><testsuite name="pytest" errors="0" failures="0" skipped="0" tests="9" time="3.371" timestamp="2026-09-23T08:52:46.550281+00:00" hostname="agent-env-21cf42e1-98ba-4205-8db0-5d568d0c6c7e"><testcase classname="tests.test_registration_flow_zigzag" name="test_put_registration_flow_sizes[0]" time="0.878" /><testcase classname="tests.test_registration_flow_zigzag" name="test_put_registration_flow_sizes[1]" time="0.260" /><testcase classname="tests.test_registration_flow_zigzag" name="test_put_registration_flow_sizes[2]" time="0.298" /><testcase classname="tests.test_registration_flow_zigzag" name="test_put_registration_flow_sizes[3]" time="0.229" /><testcase classname="tests.test_registration_flow_zigzag" name="test_put_registration_flow_sizes[4]" time="0.367" /><testcase classname="tests.test_registration_flow_zigzag" name="test_put_registration_flow_sizes[5]" time="0.267" /><testcase classname="tests.test_registration_flow_zigzag" name="test_put_registration_flow_sizes[10]" time="0.229" /><testcase classname="tests.test_registration_flow_zigzag" name="test_put_registration_flow_sizes[11]" time="0.277" /><testcase classname="tests.test_registration_flow_zigzag" name="test_put_registration_flow_sizes[12]" time="0.512" /></testsuite></testsuites>