<?xml version="1.0" encoding="utf-8"?><testsuites name="pytest tests"><testsuite name="pytest" errors="0" failures="0" skipped="1" tests="81" time="46.968" timestamp="2026-09-13T18:52:39.992462+00:00" hostname="agent-env-21cf42e1-98ba-4205-8db0-5d568d0c6c7e"><testcase classname="tests.test_campuses" name="test_student_can_list_campuses_expects_377_unique" time="0.247" /><testcase classname="tests.test_campuses" name="test_admin_full_crud_cycle" time="0.508" /><testcase classname="tests.test_campus_disbursements.TestStageFiltering" name="test_reviews_stage_1_ok" time="1.081" /><testcase classname="tests.test_campuses" name="test_reimport_xlsx_is_idempotent_final_377" time="0.000"><skipped type="pytest.skip" message="/tmp/cms-masa-depan-jakarta.xlsx not present">/app/backend/tests/test_campuses.py:122: /tmp/cms-masa-depan-jakarta.xlsx not present</skipped></testcase><testcase classname="tests.test_campuses" name="test_admin_create_update_campus_with_bank_returns_masked" time="0.034" /><testcase classname="tests.test_campuses" name="test_admin_create_bank_requires_holder_when_number_given" time="0.005" /><testcase classname="tests.test_campuses" name="test_admin_create_bank_rejects_bad_length" time="0.004" /><testcase classname="tests.test_campuses" name="test_student_never_receives_bank_fields" time="0.009" /><testcase classname="tests.test_campuses" name="test_admin_sees_demo_masters_masked_only" time="0.012" /><testcase classname="tests.test_campuses" name="test_admin_wilayah_never_receives_bank_fields" time="0.699" /><testcase classname="tests.test_campus_disbursements.TestStageFiltering" name="test_reviews_stage_2_ok" time="0.231" /><testcase classname="tests.test_campus_disbursements.TestStageFiltering" name="test_reviews_stage_3_rejected" time="0.208" /><testcase classname="tests.test_campus_disbursements.TestStageFiltering" name="test_reviews_no_stage_returns_all" time="0.123" /><testcase classname="tests.test_campuses" name="test_student_cannot_mutate_campuses" time="0.009" /><testcase classname="tests.test_campus_disbursements.TestStageFiltering" name="test_audit_stage_1_ok" time="0.600" /><testcase classname="tests.test_campus_disbursements.TestStageFiltering" name="test_audit_stage_2_ok" time="0.472" /><testcase classname="tests.test_beneficiary_pm.TestRegionalAdminScope" name="test_regional_can_list_beneficiaries" time="1.183" /><testcase classname="tests.test_beneficiary_pm.TestRegionalAdminScope" name="test_regional_query_other_region_still_own" time="0.128" /><testcase classname="tests.test_campus_disbursements.TestStageFiltering" name="test_audit_stage_3_rejected" time="0.495" /><testcase classname="tests.test_campus_disbursements.TestStageFiltering" name="test_stage_1_and_2_are_isolated" time="1.282" /><testcase classname="tests.test_beneficiary_pm.TestRegionalAdminScope" name="test_regional_cannot_update_bank_403" time="0.666" /><testcase classname="tests.test_beneficiary_pm.TestRegionalAdminScope" name="test_regional_cannot_update_disbursement_403" time="0.311" /><testcase classname="tests.test_beneficiary_pm.TestRegionalAdminScope" name="test_regional_cannot_upload_active_letters_403" time="0.163" /><testcase classname="tests.test_beneficiary_pm.TestRegionalAdminScope" name="test_regional_cannot_upload_transfer_403" time="0.155" /><testcase classname="tests.test_beneficiary_pm.TestRegionalAdminScope" name="test_regional_cannot_list_reviews_403" time="0.133" /><testcase classname="tests.test_beneficiary_pm.TestRegionalAdminScope" name="test_regional_cannot_download_file_403" time="0.119" /><testcase classname="tests.test_beneficiary_pm.TestRegionalAdminScope" name="test_regional_out_of_region_detail_404" time="0.825" /><testcase classname="tests.test_transfer_proof_region.TestRegionValidationPreOCR" name="test_missing_region_400" time="0.633" /><testcase classname="tests.test_campus_disbursements.TestStageFiltering" name="test_regional_reviews_forbidden_both_stages" time="1.781" /><testcase classname="tests.test_transfer_proof_region.TestRegionValidationPreOCR" name="test_empty_region_400" time="0.129" /><testcase classname="tests.test_transfer_proof_region.TestRegionValidationPreOCR" name="test_invalid_region_400" time="0.117" /><testcase classname="tests.test_transfer_proof_region.TestRegionValidationPreOCR" name="test_case_sensitive_region_rejected" time="0.128" /><testcase classname="tests.test_transfer_proof_region.TestRegionValidationPreOCR" name="test_valid_region_but_bad_extension_400" time="0.143" /><testcase classname="tests.test_transfer_proof_region.TestRegionValidationPreOCR" name="test_valid_region_bad_stage" time="0.250" /><testcase classname="tests.test_transfer_proof_region.TestAllSixRegionsAccepted" name="test_region_accepted_progresses_to_file_validation[Jakarta Pusat]" time="0.139" /><testcase classname="tests.test_beneficiary_pm.TestBeneficiaryDetailAndMutations" name="test_detail_masks_account" time="0.631" /><testcase classname="tests.test_transfer_proof_region.TestAllSixRegionsAccepted" name="test_region_accepted_progresses_to_file_validation[Jakarta Utara]" time="0.158" /><testcase classname="tests.test_beneficiary_pm.TestBeneficiaryDetailAndMutations" name="test_update_bank_masks_on_response" time="0.391" /><testcase classname="tests.test_transfer_proof_region.TestAllSixRegionsAccepted" name="test_region_accepted_progresses_to_file_validation[Jakarta Barat]" time="0.160" /><testcase classname="tests.test_transfer_proof_region.TestAllSixRegionsAccepted" name="test_region_accepted_progresses_to_file_validation[Jakarta Selatan]" time="0.147" /><testcase classname="tests.test_transfer_proof_region.TestAllSixRegionsAccepted" name="test_region_accepted_progresses_to_file_validation[Jakarta Timur]" time="0.146" /><testcase classname="tests.test_beneficiary_pm.TestBeneficiaryDetailAndMutations" name="test_bank_rejects_short_account" time="0.260" /><testcase classname="tests.test_transfer_proof_region.TestAllSixRegionsAccepted" name="test_region_accepted_progresses_to_file_validation[Kepulauan Seribu]" time="0.116" /><testcase classname="tests.test_beneficiary_pm.TestBeneficiaryDetailAndMutations" name="test_update_disbursement" time="0.607" /><testcase classname="tests.test_beneficiary_pm.TestBeneficiaryDetailAndMutations" name="test_disbursement_invalid_stage" time="0.476" /><testcase classname="tests.test_campus_disbursements.TestRegionalScope" name="test_list_scoped_even_with_other_region" time="1.143" /><testcase classname="tests.test_beneficiary_pm.TestBeneficiaryDetailAndMutations" name="test_disbursement_invalid_status" time="0.473" /><testcase classname="tests.test_campus_disbursements.TestRegionalScope" name="test_out_of_region_detail_404" time="0.838" /><testcase classname="tests.test_campus_disbursements.TestTransferProofsAlias" name="test_alias_bad_stage" time="0.460" /><testcase classname="tests.test_campus_disbursements.TestRegionalScope" name="test_regional_update_aggregate_forbidden" time="0.284" /><testcase classname="tests.test_campus_disbursements.TestTransferProofsAlias" name="test_alias_bad_extension" time="0.122" /><testcase classname="tests.test_campus_disbursements.TestTransferProofsAlias" name="test_alias_bad_magic_bytes" time="0.124" /><testcase classname="tests.test_campus_disbursements.TestRegionalScope" name="test_regional_transfer_proofs_alias_forbidden" time="0.163" /><testcase classname="tests.test_campus_disbursements.TestTransferProofsAlias" name="test_alias_empty_files" time="0.142" /><testcase classname="tests.test_campus_disbursements.TestRegionalScope" name="test_regional_audit_scoped" time="0.536" /><testcase classname="tests.test_beneficiary_pm.TestListBeneficiaries" name="test_list_only_final_pass" time="0.506" /><testcase classname="tests.test_beneficiary_pm.TestListBeneficiaries" name="test_super_admin_sees_beneficiaries" time="0.578" /><testcase classname="tests.test_beneficiary_pm.TestUploadValidation" name="test_reject_bad_extension" time="0.946" /><testcase classname="tests.test_beneficiary_pm.TestListBeneficiaries" name="test_student_forbidden" time="0.478" /><testcase classname="tests.test_beneficiary_pm.TestUploadValidation" name="test_reject_bad_magic_bytes" time="0.151" /><testcase classname="tests.test_beneficiary_pm.TestListBeneficiaries" name="test_search_filter" time="0.118" /><testcase classname="tests.test_beneficiary_pm.TestUploadValidation" name="test_reject_bad_magic_transfer" time="0.119" /><testcase classname="tests.test_beneficiary_pm.TestReviewsAudit" name="test_prov_can_list_reviews" time="0.140" /><testcase classname="tests.test_beneficiary_pm.TestUploadValidation" name="test_reject_invalid_stage_transfer" time="0.160" /><testcase classname="tests.test_beneficiary_pm.TestReviewsAudit" name="test_super_can_list_reviews" time="0.129" /><testcase classname="tests.test_beneficiary_pm.TestReviewsAudit" name="test_audit_endpoint_requires_valid_pm" time="0.274" /><testcase classname="tests.test_campus_disbursements.TestCampusList" name="test_prov_list_shape" time="0.501" /><testcase classname="tests.test_beneficiary_pm.TestReviewsAudit" name="test_resolve_review_404_when_missing" time="0.137" /><testcase classname="tests.test_campus_disbursements.TestCampusList" name="test_prov_list_search_filter" time="0.551" /><testcase classname="tests.test_campus_disbursements.TestUpdateAggregate" name="test_update_persists_and_reverts" time="1.149" /><testcase classname="tests.test_campus_disbursements.TestCampusList" name="test_student_forbidden" time="0.477" /><testcase classname="tests.test_campus_disbursements.TestUpdateAggregate" name="test_update_invalid_stage" time="0.481" /><testcase classname="tests.test_beneficiary_pm.TestAdminProvinsiCreation" name="test_provincial_admin_cannot_create_admin" time="0.527" /><testcase classname="tests.test_beneficiary_pm.TestAdminProvinsiCreation" name="test_provincial_admin_cannot_create_super_admin" time="0.141" /><testcase classname="tests.test_campus_disbursements.TestUpdateAggregate" name="test_update_invalid_status" time="0.557" /><testcase classname="tests.test_beneficiary_pm.TestAdminProvinsiCreation" name="test_super_admin_can_create_provincial_admin" time="30.920" /><testcase classname="tests.test_campus_disbursements.TestCampusDetail" name="test_detail_structure" time="0.389" /><testcase classname="tests.test_campus_disbursements.TestCampusDetail" name="test_detail_unknown_campus_404" time="30.146" /><testcase classname="tests.test_campus_disbursements.TestCampusAudit" name="test_audit_ok" time="1.295" /><testcase classname="tests.test_transfer_proof_region.TestRegionalUploadForbidden" name="test_regional_admin_forbidden_even_with_valid_region" time="1.464" /><testcase classname="tests.test_campus_disbursements.TestCampusAudit" name="test_audit_unknown_campus_404" time="0.193" /></testsuite></testsuites>