<?xml version="1.0" encoding="utf-8"?><testsuites name="pytest tests"><testsuite name="pytest" errors="0" failures="0" skipped="0" tests="7" time="7.983" timestamp="2026-09-15T04:13:21.700365+00:00" hostname="agent-env-21cf42e1-98ba-4205-8db0-5d568d0c6c7e"><testcase classname="tests.test_document_revision_flow" name="test_return_documents_empty_note_rejected" time="2.131" /><testcase classname="tests.test_document_revision_flow" name="test_return_documents_success_persists_and_notifies" time="0.148" /><testcase classname="tests.test_document_revision_flow" name="test_pending_revision_visible_and_seen" time="0.393" /><testcase classname="tests.test_document_revision_flow" name="test_documents_editable_during_revision" time="0.408" /><testcase classname="tests.test_document_revision_flow" name="test_resubmission_bypasses_closed_registration_and_relocks" time="2.680" /><testcase classname="tests.test_document_revision_flow" name="test_return_documents_forbidden_for_student_and_wilayah" time="1.324" /><testcase classname="tests.test_document_revision_flow" name="test_legacy_permission_allowed_true_rejected" time="0.748" /></testsuite></testsuites>