<?xml version="1.0" encoding="utf-8"?><testsuites name="pytest tests"><testsuite name="pytest" errors="0" failures="0" skipped="0" tests="11" time="2.489" timestamp="2026-09-23T09:36:58.782630+00:00" hostname="agent-env-21cf42e1-98ba-4205-8db0-5d568d0c6c7e"><testcase classname="tests.test_family_profile.TestAcceptance" name="test_accept_valid_family_count_zero_string" time="1.053" /><testcase classname="tests.test_family_profile.TestRejections" name="test_reject_missing_family" time="1.060" /><testcase classname="tests.test_family_profile.TestAcceptance" name="test_get_returns_normalized_family_after_save" time="0.133" /><testcase classname="tests.test_family_profile.TestRejections" name="test_reject_empty_family_object" time="0.119" /><testcase classname="tests.test_family_profile.TestRejections" name="test_reject_invalid_nik_length" time="0.110" /><testcase classname="tests.test_family_profile.TestAcceptance" name="test_accept_with_two_members" time="0.470" /><testcase classname="tests.test_family_profile.TestRejections" name="test_reject_invalid_parent_status" time="0.172" /><testcase classname="tests.test_family_profile.TestRejections" name="test_reject_count_mismatch" time="0.137" /><testcase classname="tests.test_family_profile.TestRejections" name="test_reject_count_over_15" time="0.184" /><testcase classname="tests.test_family_profile.TestRejections" name="test_reject_empty_electricity" time="0.129" /><testcase classname="tests.test_family_profile.TestRejections" name="test_reject_deceased_parent_missing_details" time="0.254" /></testsuite></testsuites>