<?xml version="1.0" encoding="utf-8"?><testsuites name="pytest tests"><testsuite name="pytest" errors="0" failures="0" skipped="0" tests="8" time="4.314" timestamp="2026-09-15T00:06:53.672798+00:00" hostname="agent-env-21cf42e1-98ba-4205-8db0-5d568d0c6c7e"><testcase classname="tests.test_registration_gate" name="test_initial_state_is_closed" time="0.580" /><testcase classname="tests.test_registration_gate" name="test_post_registration_closed_returns_403" time="0.535" /><testcase classname="tests.test_registration_gate" name="test_get_registration_available_while_closed" time="0.150" /><testcase classname="tests.test_registration_gate" name="test_admin_cannot_update_site_content" time="0.542" /><testcase classname="tests.test_registration_gate" name="test_student_cannot_update_site_content" time="0.145" /><testcase classname="tests.test_registration_gate" name="test_open_period_temp_student_can_save_draft" time="1.070" /><testcase classname="tests.test_registration_gate" name="test_after_close_draft_persists_post_blocked" time="0.631" /><testcase classname="tests.test_registration_gate" name="test_zzz_final_state_still_closed" time="0.585" /></testsuite></testsuites>