<?xml version="1.0" encoding="utf-8"?><testsuites name="pytest tests"><testsuite name="pytest" errors="0" failures="0" skipped="0" tests="20" time="10.086" timestamp="2026-09-22T01:07:17.752484+00:00" hostname="agent-env-21cf42e1-98ba-4205-8db0-5d568d0c6c7e"><testcase classname="tests.test_student_live_chat" name="test_unauth_conversations" time="0.188" /><testcase classname="tests.test_student_live_chat" name="test_unauth_messages_list" time="0.144" /><testcase classname="tests.test_student_live_chat" name="test_unauth_post_message" time="0.172" /><testcase classname="tests.test_student_live_chat" name="test_student_self_conversation_send_and_list" time="2.794" /><testcase classname="tests.test_student_live_chat" name="test_student_cannot_query_other_student" time="0.186" /><testcase classname="tests.test_student_live_chat" name="test_student_post_empty_no_attachment_rejected" time="0.140" /><testcase classname="tests.test_student_live_chat" name="test_student_cannot_list_conversations" time="0.157" /><testcase classname="tests.test_student_live_chat" name="test_admin_provinsi_sees_conversation_and_can_reply" time="0.781" /><testcase classname="tests.test_student_live_chat" name="test_super_admin_can_reply" time="0.509" /><testcase classname="tests.test_student_live_chat" name="test_admin_wilayah_matching_can_access" time="0.458" /><testcase classname="tests.test_student_live_chat" name="test_admin_wilayah_nonmatching_gets_404" time="0.460" /><testcase classname="tests.test_student_live_chat" name="test_attachment_valid_png" time="1.316" /><testcase classname="tests.test_student_live_chat" name="test_attachment_valid_pdf" time="0.576" /><testcase classname="tests.test_student_live_chat" name="test_attachment_invalid_extension" time="0.174" /><testcase classname="tests.test_student_live_chat" name="test_attachment_magic_byte_mismatch" time="0.149" /><testcase classname="tests.test_student_live_chat" name="test_attachment_oversize_rejected" time="0.751" /><testcase classname="tests.test_student_live_chat" name="test_attachment_download_other_student_forbidden" time="0.361" /><testcase classname="tests.test_student_live_chat" name="test_attachment_download_nonmatching_regional_admin_forbidden" time="0.466" /><testcase classname="tests.test_student_live_chat" name="test_attachment_download_unauth" time="0.146" /><testcase classname="tests.test_student_live_chat" name="test_zzz_cleanup_ephemeral" time="0.004" /></testsuite></testsuites>