<?xml version="1.0" encoding="utf-8"?><testsuites name="pytest tests"><testsuite name="pytest" errors="0" failures="0" skipped="0" tests="9" time="7.373" timestamp="2026-09-22T01:31:07.636108+00:00" hostname="agent-env-21cf42e1-98ba-4205-8db0-5d568d0c6c7e"><testcase classname="tests.test_admin_live_chat_attachment" name="test_attachment_unauth_denied" time="0.351" /><testcase classname="tests.test_admin_live_chat_attachment" name="test_attachment_student_forbidden" time="0.513" /><testcase classname="tests.test_admin_live_chat_attachment" name="test_attachment_unsupported_extension" time="0.506" /><testcase classname="tests.test_admin_live_chat_attachment" name="test_attachment_empty_rejected" time="0.149" /><testcase classname="tests.test_admin_live_chat_attachment" name="test_pdf_upload_and_download[admin]" time="2.339" /><testcase classname="tests.test_admin_live_chat_attachment" name="test_pdf_upload_and_download[super_admin]" time="1.172" /><testcase classname="tests.test_admin_live_chat_attachment" name="test_pdf_upload_and_download[admin_wilayah]" time="1.166" /><testcase classname="tests.test_admin_live_chat_attachment" name="test_webm_audio_upload_and_listing" time="0.920" /><testcase classname="tests.test_admin_live_chat_attachment" name="test_attachment_id_not_found" time="0.127" /></testsuite></testsuites>