<?xml version="1.0" encoding="utf-8"?><testsuites name="pytest tests"><testsuite name="pytest" errors="0" failures="0" skipped="0" tests="5" time="2.383" timestamp="2026-09-22T04:57:07.276973+00:00" hostname="agent-env-21cf42e1-98ba-4205-8db0-5d568d0c6c7e"><testcase classname="tests.test_selection_announcement_stage.TestStatusUpdateDoesNotBroadcast" name="test_status_change_creates_progress_not_result" time="0.710" /><testcase classname="tests.test_selection_announcement_stage.TestPublishAdministrationStage" name="test_publish_administration_stage" time="0.945" /><testcase classname="tests.test_selection_announcement_stage.TestStatusUpdateDoesNotBroadcast" name="test_pending_popup_none_before_publish" time="0.844" /><testcase classname="tests.test_selection_announcement_stage.TestPublishAdministrationStage" name="test_publish_beneficiary_stage" time="0.470" /><testcase classname="tests.test_selection_announcement_stage.TestPublishAdministrationStage" name="test_publish_invalid_stage_rejected" time="0.340" /></testsuite></testsuites>