<?xml version="1.0" encoding="utf-8"?><testsuites name="pytest tests"><testsuite name="pytest" errors="0" failures="0" skipped="0" tests="92" time="23.628" timestamp="2026-09-14T01:50:46.879069+00:00" hostname="agent-env-21cf42e1-98ba-4205-8db0-5d568d0c6c7e"><testcase classname="tests.test_active_letter_approvals.TestDecisionFlow" name="test_approve_factual_updates_registration" time="1.011" /><testcase classname="tests.test_campus_disbursements.TestStageFiltering" name="test_reviews_stage_1_ok" time="1.019" /><testcase classname="tests.test_active_letter_approvals.TestDecisionFlow" name="test_stale_when_registration_status_changed" time="0.223" /><testcase classname="tests.test_campus_disbursements.TestStageFiltering" name="test_reviews_stage_2_ok" time="0.170" /><testcase classname="tests.test_campus_disbursements.TestStageFiltering" name="test_reviews_stage_3_rejected" time="0.225" /><testcase classname="tests.test_active_letter_approvals.TestDecisionFlow" name="test_reject_factual_keeps_registration" time="0.243" /><testcase classname="tests.test_campus_disbursements.TestStageFiltering" name="test_reviews_no_stage_returns_all" time="0.370" /><testcase classname="tests.test_active_letter_approvals.TestDecisionFlow" name="test_approve_stage_ii_writes_eligibility" time="0.310" /><testcase classname="tests.test_campus_disbursements.TestStageFiltering" name="test_audit_stage_1_ok" time="0.388" /><testcase classname="tests.test_active_letter_approvals.TestDecisionFlow" name="test_reject_stage_ii_no_eligibility" time="0.209" /><testcase classname="tests.test_active_letter_approvals.TestDecisionFlow" name="test_bulk_apply_all_requires_source_ids" time="0.181" /><testcase classname="tests.test_campus_disbursements.TestStageFiltering" name="test_audit_stage_2_ok" time="0.369" /><testcase classname="tests.test_active_letter_approvals.TestDecisionFlow" name="test_bulk_apply_all_scoped_to_source_only" time="0.193" /><testcase classname="tests.test_active_letter_approvals.TestDecisionFlow" name="test_invalid_action_rejected" time="0.181" /><testcase classname="tests.test_campus_disbursements.TestStageFiltering" name="test_audit_stage_3_rejected" time="0.355" /><testcase classname="tests.test_active_letter_approvals.TestDecisionFlow" name="test_invalid_workflow_rejected" time="0.233" /><testcase classname="tests.test_active_letter_approvals.TestDecisionFlow" name="test_no_ids_and_not_apply_all_rejected" time="0.902" /><testcase classname="tests.test_campus_disbursements.TestStageFiltering" name="test_stage_1_and_2_are_isolated" time="2.426" /><testcase classname="tests.test_active_letter_approvals.TestDecisionFlow" name="test_decision_no_matches_returns_404" time="0.223" /><testcase classname="tests.test_transfer_financials.TestParseTransferAmount" name="test_parse[Rp3.000.000-3000000]" time="0.001" /><testcase classname="tests.test_transfer_financials.TestParseTransferAmount" name="test_parse[3.000.000,00-3000000]" time="0.000" /><testcase classname="tests.test_transfer_financials.TestParseTransferAmount" name="test_parse[3,000,000-3000000]" time="0.000" /><testcase classname="tests.test_transfer_financials.TestParseTransferAmount" name="test_parse[3000000-3000000_0]" time="0.000" /><testcase classname="tests.test_transfer_financials.TestParseTransferAmount" name="test_parse[3000000-3000000_1]" time="0.000" /><testcase classname="tests.test_transfer_financials.TestParseTransferAmount" name="test_parse[3000000.0-3000000]" time="0.000" /><testcase classname="tests.test_transfer_financials.TestParseTransferAmount" name="test_parse[-None]" time="0.000" /><testcase classname="tests.test_transfer_financials.TestParseTransferAmount" name="test_parse[None-None]" time="0.000" /><testcase classname="tests.test_transfer_financials.TestParseTransferAmount" name="test_parse[Rp 3.000.101-3000101]" time="0.000" /><testcase classname="tests.test_transfer_proof_region.TestRegionValidationPreOCR" name="test_missing_region_400" time="0.640" /><testcase classname="tests.test_transfer_proof_region.TestRegionValidationPreOCR" name="test_empty_region_400" time="0.211" /><testcase classname="tests.test_transfer_proof_region.TestRegionValidationPreOCR" name="test_invalid_region_400" time="0.211" /><testcase classname="tests.test_transfer_proof_region.TestRegionValidationPreOCR" name="test_case_sensitive_region_rejected" time="0.221" /><testcase classname="tests.test_transfer_proof_region.TestRegionValidationPreOCR" name="test_valid_region_but_bad_extension_400" time="0.188" /><testcase classname="tests.test_transfer_proof_region.TestRegionValidationPreOCR" name="test_valid_region_bad_stage" time="0.372" /><testcase classname="tests.test_transfer_proof_region.TestAllSixRegionsAccepted" name="test_region_accepted_progresses_to_file_validation[Jakarta Pusat]" time="0.433" /><testcase classname="tests.test_transfer_proof_region.TestAllSixRegionsAccepted" name="test_region_accepted_progresses_to_file_validation[Jakarta Utara]" time="0.212" /><testcase classname="tests.test_transfer_proof_region.TestAllSixRegionsAccepted" name="test_region_accepted_progresses_to_file_validation[Jakarta Barat]" time="0.218" /><testcase classname="tests.test_campus_disbursements.TestStageFiltering" name="test_regional_reviews_forbidden_both_stages" time="1.927" /><testcase classname="tests.test_transfer_proof_region.TestAllSixRegionsAccepted" name="test_region_accepted_progresses_to_file_validation[Jakarta Selatan]" time="0.197" /><testcase classname="tests.test_transfer_proof_region.TestAllSixRegionsAccepted" name="test_region_accepted_progresses_to_file_validation[Jakarta Timur]" time="0.181" /><testcase classname="tests.test_transfer_proof_region.TestAllSixRegionsAccepted" name="test_region_accepted_progresses_to_file_validation[Kepulauan Seribu]" time="0.160" /><testcase classname="tests.test_transfer_financials.TestRefreshFinancials" name="test_exact_amount_is_sesuai_1_student" time="0.009" /><testcase classname="tests.test_transfer_financials.TestRefreshFinancials" name="test_unique_code_plus_101_is_sesuai" time="0.013" /><testcase classname="tests.test_transfer_financials.TestRefreshFinancials" name="test_shortage_kurang_zero_paid" time="0.006" /><testcase classname="tests.test_transfer_financials.TestRefreshFinancials" name="test_excess_plus_102_is_lebih" time="0.006" /><testcase classname="tests.test_transfer_financials.TestRefreshFinancials" name="test_multiple_transactions_summed" time="0.006" /><testcase classname="tests.test_transfer_financials.TestRefreshFinancials" name="test_paid_count_capped_by_recipient_count" time="0.006" /><testcase classname="tests.test_transfer_financials.TestRefreshFinancials" name="test_no_transactions_belum_ada_transfer" time="0.005" /><testcase classname="tests.test_active_letter_approvals.TestRoleGating" name="test_wilayah_forbidden_on_list" time="1.553" /><testcase classname="tests.test_campus_disbursements.TestRegionalScope" name="test_list_scoped_even_with_other_region" time="1.649" /><testcase classname="tests.test_active_letter_approvals.TestRoleGating" name="test_wilayah_forbidden_on_upload" time="0.156" /><testcase classname="tests.test_active_letter_approvals.TestRoleGating" name="test_wilayah_forbidden_on_decision" time="0.181" /><testcase classname="tests.test_campus_disbursements.TestRegionalScope" name="test_out_of_region_detail_404" time="0.869" /><testcase classname="tests.test_active_letter_approvals.TestRoleGating" name="test_admin_allowed_on_list" time="0.724" /><testcase classname="tests.test_active_letter_approvals.TestRoleGating" name="test_super_allowed_on_list" time="0.185" /><testcase classname="tests.test_campus_disbursements.TestRegionalScope" name="test_regional_update_aggregate_forbidden" time="0.348" /><testcase classname="tests.test_campus_disbursements.TestRegionalScope" name="test_regional_transfer_proofs_alias_forbidden" time="0.224" /><testcase classname="tests.test_campus_disbursements.TestRegionalScope" name="test_regional_audit_scoped" time="0.611" /><testcase classname="tests.test_campus_disbursements.TestTransferProofsAlias" name="test_alias_bad_stage" time="0.633" /><testcase classname="tests.test_campus_disbursements.TestTransferProofsAlias" name="test_alias_bad_extension" time="0.251" /><testcase classname="tests.test_campus_disbursements.TestTransferProofsAlias" name="test_alias_bad_magic_bytes" time="0.209" /><testcase classname="tests.test_campus_disbursements.TestTransferProofsAlias" name="test_alias_empty_files" time="0.355" /><testcase classname="tests.test_disbursement_proofs_iter26.TestStudentDisbursementProofs" name="test_list_empty_when_no_recipient_membership" time="0.696" /><testcase classname="tests.test_campus_disbursements.TestCampusList" name="test_prov_list_shape" time="0.192" /><testcase classname="tests.test_campus_disbursements.TestCampusList" name="test_prov_list_search_filter" time="0.423" /><testcase classname="tests.test_disbursement_proofs_iter26.TestStudentDisbursementProofs" name="test_download_denies_non_recipient" time="0.199" /><testcase classname="tests.test_disbursement_proofs_iter26.TestStudentDisbursementProofs" name="test_list_and_download_scoped_by_recipient" time="0.798" /><testcase classname="tests.test_campus_disbursements.TestCampusList" name="test_student_forbidden" time="0.581" /><testcase classname="tests.test_campus_disbursements.TestUpdateAggregate" name="test_update_persists_and_reverts" time="1.100" /><testcase classname="tests.test_disbursement_proofs_iter26.TestCampusRecapPDFFormat" name="test_list_has_students_expected_amount_remarks" time="0.656" /><testcase classname="tests.test_disbursement_proofs_iter26.TestCampusRecapPDFFormat" name="test_detail_regions_have_expected_amount_and_remarks" time="0.441" /><testcase classname="tests.test_campus_disbursements.TestUpdateAggregate" name="test_update_invalid_stage" time="0.680" /><testcase classname="tests.test_disbursement_proofs_iter26.TestDatasetPreservation" name="test_8_umt_demo_candidates_intact" time="0.001" /><testcase classname="tests.test_disbursement_proofs_iter26.TestDatasetPreservation" name="test_demo_tf_campuses_preserved" time="0.002" /><testcase classname="tests.test_active_letter_approvals.TestDemoUMTData" name="test_eight_umt_demo_candidates_exist" time="0.003" /><testcase classname="tests.test_active_letter_approvals.TestDemoUMTData" name="test_umt_demo_profiles_valid" time="0.002" /><testcase classname="tests.test_campus_disbursements.TestCampusDetail" name="test_detail_structure" time="0.819" /><testcase classname="tests.test_campus_disbursements.TestUpdateAggregate" name="test_update_invalid_status" time="0.612" /><testcase classname="tests.test_campus_disbursements.TestCampusDetail" name="test_detail_unknown_campus_404" time="0.219" /><testcase classname="tests.test_campus_disbursements.TestCampusAudit" name="test_audit_ok" time="0.595" /><testcase classname="tests.test_active_letter_approvals.TestUploadValidation" name="test_invalid_workflow_rejected" time="0.648" /><testcase classname="tests.test_campus_disbursements.TestCampusAudit" name="test_audit_unknown_campus_404" time="0.192" /><testcase classname="tests.test_active_letter_approvals.TestUploadValidation" name="test_missing_file_rejected" time="0.408" /><testcase classname="tests.test_transfer_financials.TestFinancialFieldsExposure" name="test_list_stages_have_financial_fields" time="0.851" /><testcase classname="tests.test_disbursement_proofs_iter26.TestManualEditRemark" name="test_manual_edit_flag_and_remark" time="1.246" /><testcase classname="tests.test_transfer_financials.TestFinancialFieldsExposure" name="test_detail_region_stages_have_financial_fields" time="0.408" /><testcase classname="tests.test_disbursement_proofs_iter26.TestNominalAssessment" name="test_exact_3jt_plus_101_is_sesuai_via_direct_db" time="0.003" /><testcase classname="tests.test_disbursement_proofs_iter26.TestRoleGuards" name="test_admin_wilayah_cannot_access_student_endpoint" time="1.980" /><testcase classname="tests.test_active_letter_approvals.TestListFilter" name="test_list_workflow_filter" time="0.879" /><testcase classname="tests.test_transfer_proof_region.TestRegionalUploadForbidden" name="test_regional_admin_forbidden_even_with_valid_region" time="1.773" /><testcase classname="tests.test_active_letter_approvals.TestCandidateIndex" name="test_factual_index_includes_wawancara" time="0.004" /><testcase classname="tests.test_transfer_financials.TestDemoInvariants" name="test_demo_tf_campuses_preserved" time="0.707" /></testsuite></testsuites>