<?xml version="1.0" encoding="utf-8"?><testsuites name="pytest tests"><testsuite name="pytest" errors="0" failures="0" skipped="0" tests="4" time="2.459" timestamp="2026-09-14T03:24:13.641956+00:00" hostname="agent-env-21cf42e1-98ba-4205-8db0-5d568d0c6c7e"><testcase classname="tests.test_registration_flow_cms" name="test_get_site_content_has_11_stages_in_order" time="0.457" /><testcase classname="tests.test_registration_flow_cms" name="test_put_registration_flow_preserves_titles_and_updates_desc" time="0.957" /><testcase classname="tests.test_registration_flow_cms" name="test_put_registration_flow_invalid_count_returns_400" time="0.122" /><testcase classname="tests.test_registration_flow_cms" name="test_non_super_admin_cannot_update_site_content" time="0.486" /></testsuite></testsuites>