<?xml version="1.0" encoding="utf-8"?><testsuites name="pytest tests"><testsuite name="pytest" errors="0" failures="0" skipped="0" tests="10" time="3.158" timestamp="2026-09-22T00:51:00.733688+00:00" hostname="agent-env-21cf42e1-98ba-4205-8db0-5d568d0c6c7e"><testcase classname="tests.test_live_chat" name="test_get_unauth_401" time="0.146" /><testcase classname="tests.test_live_chat" name="test_post_unauth_401" time="0.151" /><testcase classname="tests.test_live_chat" name="test_get_student_forbidden" time="0.611" /><testcase classname="tests.test_live_chat" name="test_post_student_forbidden" time="0.139" /><testcase classname="tests.test_live_chat" name="test_get_wrong_session_404" time="0.561" /><testcase classname="tests.test_live_chat" name="test_post_wrong_session_404" time="0.160" /><testcase classname="tests.test_live_chat" name="test_post_empty_message_rejected" time="0.141" /><testcase classname="tests.test_live_chat" name="test_post_whitespace_message_rejected" time="0.163" /><testcase classname="tests.test_live_chat" name="test_admin_creates_and_super_reads" time="0.641" /><testcase classname="tests.test_live_chat" name="test_super_admin_can_post" time="0.317" /></testsuite></testsuites>