<?xml version="1.0" encoding="utf-8"?><testsuites name="pytest tests"><testsuite name="pytest" errors="0" failures="0" skipped="0" tests="4" time="2.247" timestamp="2026-09-11T20:22:10.107390+00:00" hostname="agent-env-21cf42e1-98ba-4205-8db0-5d568d0c6c7e"><testcase classname="tests.test_login_roles" name="test_login_role[mahasiswa.mdj@baznasbazisdki.id-MahasiswaMDJ2026!-student]" time="0.473" /><testcase classname="tests.test_login_roles" name="test_login_role[admin.mdj@baznasbazisdki.id-AdminMDJ2026!-admin]" time="0.419" /><testcase classname="tests.test_login_roles" name="test_login_role[supri@baznasbazisdki.id-MdjSuper2026!-super_admin]" time="0.401" /><testcase classname="tests.test_login_roles" name="test_login_invalid" time="0.446" /></testsuite></testsuites>