<?xml version="1.0" encoding="utf-8"?><testsuites name="pytest tests"><testsuite name="pytest" errors="0" failures="0" skipped="0" tests="6" time="10.083" timestamp="2026-09-11T23:48:35.785058+00:00" hostname="agent-env-21cf42e1-98ba-4205-8db0-5d568d0c6c7e"><testcase classname="tests.test_notifications" name="test_list_notifications_shape_and_no_object_id" time="0.710" /><testcase classname="tests.test_notifications" name="test_admin_status_change_creates_selection_progress_notification" time="5.137" /><testcase classname="tests.test_notifications" name="test_mark_single_notification_read" time="0.395" /><testcase classname="tests.test_notifications" name="test_mark_read_wrong_user_returns_404" time="0.122" /><testcase classname="tests.test_notifications" name="test_mark_all_read_scope_isolated" time="1.597" /><testcase classname="tests.test_notifications" name="test_announcement_creates_notification_for_students" time="2.058" /></testsuite></testsuites>