<?xml version="1.0" encoding="utf-8"?><testsuites name="pytest tests"><testsuite name="pytest" errors="0" failures="0" skipped="0" tests="21" time="5.501" timestamp="2026-09-23T16:24:23.332525+00:00" hostname="agent-env-21cf42e1-98ba-4205-8db0-5d568d0c6c7e"><testcase classname="tests.test_manual_participants_and_deletion.TestRBAC" name="test_manual_endpoint_requires_super_admin_student" time="0.683" /><testcase classname="tests.test_manual_participants_and_deletion.TestRBAC" name="test_delete_preview_forbidden_admin" time="0.583" /><testcase classname="tests.test_manual_participants_and_deletion.TestRBAC" name="test_delete_forbidden_admin" time="0.146" /><testcase classname="tests.test_manual_participants_and_deletion.TestManualValidation" name="test_reject_bad_nik" time="0.542" /><testcase classname="tests.test_manual_participants_and_deletion.TestManualValidation" name="test_reject_bad_email" time="0.140" /><testcase classname="tests.test_manual_participants_and_deletion.TestManualValidation" name="test_reject_bad_phone" time="0.153" /><testcase classname="tests.test_manual_participants_and_deletion.TestManualCreate" name="test_create_first_participant_creates_campus" time="0.389" /><testcase classname="tests.test_manual_participants_and_deletion.TestManualCreate" name="test_create_second_participant_same_campus" time="0.366" /><testcase classname="tests.test_manual_participants_and_deletion.TestManualCreate" name="test_reject_duplicate_email" time="0.139" /><testcase classname="tests.test_manual_participants_and_deletion.TestPreview" name="test_search_finds_manual_participant" time="0.171" /><testcase classname="tests.test_manual_participants_and_deletion.TestPreview" name="test_preview_single" time="0.172" /><testcase classname="tests.test_manual_participants_and_deletion.TestPreview" name="test_preview_campus" time="0.124" /><testcase classname="tests.test_manual_participants_and_deletion.TestPreview" name="test_preview_all_only_counts_no_delete" time="0.155" /><testcase classname="tests.test_manual_participants_and_deletion.TestDemoStudentProtection" name="test_demo_account_is_excluded_from_delete_preview" time="0.163" /><testcase classname="tests.test_manual_participants_and_deletion.TestDemoStudentProtection" name="test_demo_account_cannot_be_deleted" time="0.168" /><testcase classname="tests.test_manual_participants_and_deletion.TestDemoStudentProtection" name="test_demo_account_is_excluded_from_beneficiary_recaps" time="0.551" /><testcase classname="tests.test_manual_participants_and_deletion.TestDemoStudentProtection" name="test_demo_account_can_be_found_in_participant_list" time="0.169" /><testcase classname="tests.test_manual_participants_and_deletion.TestDeleteGuard" name="test_delete_without_confirmed_rejected" time="0.121" /><testcase classname="tests.test_manual_participants_and_deletion.TestPermanentDelete" name="test_delete_single_participant" time="0.131" /><testcase classname="tests.test_manual_participants_and_deletion.TestPermanentDelete" name="test_delete_by_campus_removes_remaining" time="0.169" /><testcase classname="tests.test_manual_participants_and_deletion.TestPermanentDelete" name="test_delete_no_targets_returns_404" time="0.124" /></testsuite></testsuites>