<?xml version="1.0" encoding="utf-8"?><testsuites name="pytest tests"><testsuite name="pytest" errors="0" failures="0" skipped="0" tests="14" time="4.021" timestamp="2026-09-23T09:59:58.195359+00:00" hostname="agent-env-21cf42e1-98ba-4205-8db0-5d568d0c6c7e"><testcase classname="tests.test_participant_import.TestRoleGating" name="test_preview_forbidden_for_student" time="0.715" /><testcase classname="tests.test_participant_import.TestRoleGating" name="test_import_forbidden_for_student" time="0.124" /><testcase classname="tests.test_participant_import.TestRoleGating" name="test_preview_requires_auth" time="0.136" /><testcase classname="tests.test_participant_import.TestPreview" name="test_preview_suggests_mapping" time="0.495" /><testcase classname="tests.test_participant_import.TestPreview" name="test_preview_rejects_non_xlsx" time="0.141" /><testcase classname="tests.test_participant_import.TestPreview" name="test_preview_rejects_empty_xlsx" time="0.154" /><testcase classname="tests.test_participant_import.TestPreview" name="test_preview_without_identity_columns_still_works" time="0.198" /><testcase classname="tests.test_participant_import.TestImport" name="test_import_creates_participants_no_documents" time="0.627" /><testcase classname="tests.test_participant_import.TestImport" name="test_import_duplicate_updates_existing" time="0.175" /><testcase classname="tests.test_participant_import.TestImport" name="test_import_identifier_conflict_fails" time="0.130" /><testcase classname="tests.test_participant_import.TestImport" name="test_import_without_identity_creates_new" time="0.358" /><testcase classname="tests.test_participant_import.TestImport" name="test_import_rejects_missing_name_mapping" time="0.125" /><testcase classname="tests.test_participant_import.TestImport" name="test_import_rejects_invalid_json_mapping" time="0.127" /><testcase classname="tests.test_participant_import.TestImport" name="test_import_rejects_non_xlsx" time="0.155" /></testsuite></testsuites>