<?xml version="1.0" encoding="utf-8"?><testsuites name="pytest tests"><testsuite name="pytest" errors="0" failures="0" skipped="0" tests="7" time="4.150" timestamp="2026-09-23T10:13:43.238205+00:00" hostname="agent-env-21cf42e1-98ba-4205-8db0-5d568d0c6c7e"><testcase classname="tests.test_participant_import_campus_bank" name="test_preview_maps_campus_bank_columns" time="0.792" /><testcase classname="tests.test_participant_import_campus_bank" name="test_import_creates_one_campus_for_two_rows_same_campus" time="0.589" /><testcase classname="tests.test_participant_import_campus_bank" name="test_reimport_same_bank_no_duplicate_no_conflict" time="0.167" /><testcase classname="tests.test_participant_import_campus_bank" name="test_conflict_row_keeps_master_and_warns" time="0.371" /><testcase classname="tests.test_participant_import_campus_bank" name="test_update_master_when_no_prior_bank" time="0.757" /><testcase classname="tests.test_participant_import_campus_bank" name="test_account_without_holder_is_non_destructive_warning" time="0.402" /><testcase classname="tests.test_participant_import_campus_bank" name="test_campus_list_shows_bank_name_for_super_admin" time="0.154" /></testsuite></testsuites>