<?xml version="1.0" encoding="utf-8"?><testsuites name="pytest tests"><testsuite name="pytest" errors="0" failures="0" skipped="0" tests="34" time="10.464" timestamp="2026-09-11T20:05:46.794545+00:00" hostname="agent-env-21cf42e1-98ba-4205-8db0-5d568d0c6c7e"><testcase classname="tests.backend_test.TestAuth" name="test_register_and_me" time="0.728" /><testcase classname="tests.backend_test.TestAuth" name="test_login_invalid" time="0.155" /><testcase classname="tests.backend_test.TestAuth" name="test_duplicate_register" time="0.206" /><testcase classname="tests.backend_test.TestAuth" name="test_super_admin_login" time="0.400" /><testcase classname="tests.backend_test.TestAuth" name="test_unauth_me" time="0.186" /><testcase classname="tests.backend_test.TestProfile" name="test_get_default_profile" time="0.202" /><testcase classname="tests.backend_test.TestProfile" name="test_update_profile_and_persist" time="0.308" /><testcase classname="tests.backend_test.TestRegistration" name="test_create_draft" time="0.210" /><testcase classname="tests.backend_test.TestRegistration" name="test_submit" time="0.170" /><testcase classname="tests.backend_test.TestRegistration" name="test_get" time="0.289" /><testcase classname="tests.backend_test.TestDocuments" name="test_upload_and_list" time="0.526" /><testcase classname="tests.backend_test.TestDocuments" name="test_upload_same_type_replaces" time="0.548" /><testcase classname="tests.backend_test.TestDocuments" name="test_delete_doc" time="0.632" /><testcase classname="tests.backend_test.TestSiteContent" name="test_public_get" time="0.178" /><testcase classname="tests.backend_test.TestSiteContent" name="test_update_by_super" time="0.378" /><testcase classname="tests.backend_test.TestSiteContent" name="test_update_forbidden_for_student" time="0.204" /><testcase classname="tests.backend_test.TestSiteContent" name="test_upload_banner" time="0.374" /><testcase classname="tests.backend_test.TestAdminParticipants" name="test_stats" time="0.217" /><testcase classname="tests.backend_test.TestAdminParticipants" name="test_list_participants" time="0.193" /><testcase classname="tests.backend_test.TestAdminParticipants" name="test_search_filter" time="0.171" /><testcase classname="tests.backend_test.TestAdminParticipants" name="test_participant_detail" time="0.225" /><testcase classname="tests.backend_test.TestAdminParticipants" name="test_update_status" time="0.156" /><testcase classname="tests.backend_test.TestAdminParticipants" name="test_invalid_status" time="0.175" /><testcase classname="tests.backend_test.TestAdminUsers" name="test_list_users" time="0.165" /><testcase classname="tests.backend_test.TestAdminUsers" name="test_create_admin" time="0.789" /><testcase classname="tests.backend_test.TestAdminUsers" name="test_toggle_admin" time="0.379" /><testcase classname="tests.backend_test.TestAdminUsers" name="test_cannot_deactivate_self" time="0.365" /><testcase classname="tests.backend_test.TestAdminUsers" name="test_cannot_delete_primary_super" time="0.354" /><testcase classname="tests.backend_test.TestAdminUsers" name="test_delete_created_admin" time="0.614" /><testcase classname="tests.backend_test.TestRoleGating" name="test_student_cannot_list_participants" time="0.169" /><testcase classname="tests.backend_test.TestRoleGating" name="test_student_cannot_get_stats" time="0.159" /><testcase classname="tests.backend_test.TestRoleGating" name="test_admin_cannot_create_admin" time="0.123" /><testcase classname="tests.backend_test.TestRoleGating" name="test_admin_can_list_participants" time="0.200" /><testcase classname="tests.backend_test.TestRoleGating" name="test_admin_cannot_update_site" time="0.224" /></testsuite></testsuites>