<?xml version="1.0" encoding="utf-8"?><testsuites name="pytest tests"><testsuite name="pytest" errors="0" failures="0" skipped="0" tests="5" time="9.376" timestamp="2026-09-22T04:08:56.542881+00:00" hostname="agent-env-21cf42e1-98ba-4205-8db0-5d568d0c6c7e"><testcase classname="tests.test_persistence_and_period" name="test_1_name_persists_across_backend_restart" time="7.078" /><testcase classname="tests.test_persistence_and_period" name="test_2a_ended_window_blocks_post_registration" time="0.739" /><testcase classname="tests.test_persistence_and_period" name="test_2b_future_window_blocks_post_registration" time="0.264" /><testcase classname="tests.test_persistence_and_period" name="test_2c_active_window_allows_post_registration" time="0.240" /><testcase classname="tests.test_persistence_and_period" name="test_2d_draft_remains_after_period_closed" time="0.734" /></testsuite></testsuites>