<?xml version="1.0" encoding="utf-8"?><testsuites name="pytest tests"><testsuite name="pytest" errors="0" failures="0" skipped="0" tests="2" time="1.077" timestamp="2026-09-23T16:52:31.637357+00:00" hostname="agent-env-21cf42e1-98ba-4205-8db0-5d568d0c6c7e"><testcase classname="tests.test_registration_phone_sync" name="test_phone_from_registration_is_returned_in_authenticated_account" time="0.755" /><testcase classname="tests.test_registration_phone_sync" name="test_registration_rejects_invalid_phone_format" time="0.201" /></testsuite></testsuites>