<?xml version="1.0" encoding="utf-8"?><testsuites name="pytest tests"><testsuite name="pytest" errors="0" failures="0" skipped="0" tests="8" time="22.020" timestamp="2026-09-12T02:34:31.004426+00:00" hostname="agent-env-21cf42e1-98ba-4205-8db0-5d568d0c6c7e"><testcase classname="tests.test_selection_import" name="test_upload_validation_rejects_non_xlsx" time="0.523" /><testcase classname="tests.test_selection_import" name="test_upload_validation_invalid_stage" time="0.162" /><testcase classname="tests.test_selection_import" name="test_wawancara_lolos_end_to_end" time="13.263" /><testcase classname="tests.test_selection_import" name="test_history_and_audit_download" time="0.476" /><testcase classname="tests.test_selection_import" name="test_kelulusan_akhir_matches_and_notifies" time="5.793" /><testcase classname="tests.test_selection_import" name="test_dismiss_review_item" time="0.397" /><testcase classname="tests.test_selection_import" name="test_student_forbidden_for_import_endpoints" time="1.085" /><testcase classname="tests.test_selection_import" name="test_zzz_cleanup" time="0.003" /></testsuite></testsuites>